[ 2015-09-26T00:03:39+08:00 ] 111.13.13.73 /jquery/2/288/demo/
INFO: [ app_init ] --START--
INFO: Run Behavior\BuildLiteBehavior [ RunTime:0.000014s ]
INFO: [ app_init ] --END-- [ RunTime:0.000279s ]
INFO: [ app_begin ] --START--
INFO: Run Behavior\ReadHtmlCacheBehavior [ RunTime:0.000372s ]
INFO: [ app_begin ] --END-- [ RunTime:0.000425s ]
INFO: [ view_parse ] --START--
INFO: [ template_filter ] --START--
INFO: Run Behavior\ContentReplaceBehavior [ RunTime:0.000177s ]
INFO: [ template_filter ] --END-- [ RunTime:0.000225s ]
NOTIC: [8] Undefined variable: keywords /web/jquery/2/288/demo/Application/Runtime/Cache/Home/2a94b8bda04ff446dcedd42276fc99ee.php 第 6 行.
NOTIC: [8] Undefined variable: description /web/jquery/2/288/demo/Application/Runtime/Cache/Home/2a94b8bda04ff446dcedd42276fc99ee.php 第 7 行.
NOTIC: [8] Undefined variable: version /web/jquery/2/288/demo/Application/Runtime/Cache/Home/2a94b8bda04ff446dcedd42276fc99ee.php 第 9 行.
NOTIC: [8] Undefined variable: url_cur /web/jquery/2/288/demo/Application/Runtime/Cache/Home/2a94b8bda04ff446dcedd42276fc99ee.php 第 23 行.
NOTIC: [8] Undefined index: userid /web/jquery/2/288/demo/Application/Runtime/Cache/Home/2a94b8bda04ff446dcedd42276fc99ee.php 第 41 行.
NOTIC: [8] Undefined variable: control /web/jquery/2/288/demo/Application/Runtime/Cache/Home/2a94b8bda04ff446dcedd42276fc99ee.php 第 103 行.
NOTIC: [8] Undefined variable: control /web/jquery/2/288/demo/Application/Runtime/Cache/Home/2a94b8bda04ff446dcedd42276fc99ee.php 第 104 行.
NOTIC: [8] Undefined variable: control /web/jquery/2/288/demo/Application/Runtime/Cache/Home/2a94b8bda04ff446dcedd42276fc99ee.php 第 105 行.
NOTIC: [8] Undefined variable: control /web/jquery/2/288/demo/Application/Runtime/Cache/Home/2a94b8bda04ff446dcedd42276fc99ee.php 第 106 行.
NOTIC: [8] Undefined variable: control /web/jquery/2/288/demo/Application/Runtime/Cache/Home/2a94b8bda04ff446dcedd42276fc99ee.php 第 107 行.
NOTIC: [8] Undefined variable: control /web/jquery/2/288/demo/Application/Runtime/Cache/Home/2a94b8bda04ff446dcedd42276fc99ee.php 第 108 行.
NOTIC: [8] Undefined variable: control /web/jquery/2/288/demo/Application/Runtime/Cache/Home/2a94b8bda04ff446dcedd42276fc99ee.php 第 109 行.
NOTIC: [8] Undefined variable: control /web/jquery/2/288/demo/Application/Runtime/Cache/Home/2a94b8bda04ff446dcedd42276fc99ee.php 第 110 行.
NOTIC: [8] Undefined variable: control /web/jquery/2/288/demo/Application/Runtime/Cache/Home/2a94b8bda04ff446dcedd42276fc99ee.php 第 111 行.
NOTIC: [8] Undefined variable: index_latest /web/jquery/2/288/demo/Application/Runtime/Cache/Home/2a94b8bda04ff446dcedd42276fc99ee.php 第 123 行.
NOTIC: [8] Undefined variable: templates_recommend /web/jquery/2/288/demo/Application/Runtime/Cache/Home/2a94b8bda04ff446dcedd42276fc99ee.php 第 172 行.
NOTIC: [8] Undefined variable: modals_cat /web/jquery/2/288/demo/Application/Runtime/Cache/Home/2a94b8bda04ff446dcedd42276fc99ee.php 第 188 行.
NOTIC: [8] Undefined variable: templates_latest_pics /web/jquery/2/288/demo/Application/Runtime/Cache/Home/2a94b8bda04ff446dcedd42276fc99ee.php 第 197 行.
NOTIC: [8] Undefined variable: templates_latest_words /web/jquery/2/288/demo/Application/Runtime/Cache/Home/2a94b8bda04ff446dcedd42276fc99ee.php 第 203 行.
NOTIC: [8] Undefined variable: modals_cat /web/jquery/2/288/demo/Application/Runtime/Cache/Home/2a94b8bda04ff446dcedd42276fc99ee.php 第 206 行.
NOTIC: [8] Undefined variable: js_recommend /web/jquery/2/288/demo/Application/Runtime/Cache/Home/2a94b8bda04ff446dcedd42276fc99ee.php 第 225 行.
NOTIC: [8] Undefined variable: js_cat /web/jquery/2/288/demo/Application/Runtime/Cache/Home/2a94b8bda04ff446dcedd42276fc99ee.php 第 240 行.
NOTIC: [8] Undefined variable: js_latest_pics /web/jquery/2/288/demo/Application/Runtime/Cache/Home/2a94b8bda04ff446dcedd42276fc99ee.php 第 249 行.
NOTIC: [8] Undefined variable: js_latest_words /web/jquery/2/288/demo/Application/Runtime/Cache/Home/2a94b8bda04ff446dcedd42276fc99ee.php 第 255 行.
NOTIC: [8] Undefined variable: js_cat /web/jquery/2/288/demo/Application/Runtime/Cache/Home/2a94b8bda04ff446dcedd42276fc99ee.php 第 258 行.
NOTIC: [8] Undefined variable: url_cur /web/jquery/2/288/demo/Application/Runtime/Cache/Home/2a94b8bda04ff446dcedd42276fc99ee.php 第 274 行.
NOTIC: [8] Undefined variable: id /web/jquery/2/288/demo/Application/Runtime/Cache/Home/2a94b8bda04ff446dcedd42276fc99ee.php 第 274 行.
NOTIC: [8] Undefined variable: mtype /web/jquery/2/288/demo/Application/Runtime/Cache/Home/2a94b8bda04ff446dcedd42276fc99ee.php 第 274 行.
NOTIC: [8] Undefined variable: control /web/jquery/2/288/demo/Application/Runtime/Cache/Home/2a94b8bda04ff446dcedd42276fc99ee.php 第 372 行.
NOTIC: [8] Undefined variable: version /web/jquery/2/288/demo/Application/Runtime/Cache/Home/2a94b8bda04ff446dcedd42276fc99ee.php 第 375 行.
NOTIC: [8] Undefined variable: control /web/jquery/2/288/demo/Application/Runtime/Cache/Home/2a94b8bda04ff446dcedd42276fc99ee.php 第 376 行.
NOTIC: [8] Undefined variable: control /web/jquery/2/288/demo/Application/Runtime/Cache/Home/2a94b8bda04ff446dcedd42276fc99ee.php 第 378 行.
NOTIC: [8] Undefined variable: control /web/jquery/2/288/demo/Application/Runtime/Cache/Home/2a94b8bda04ff446dcedd42276fc99ee.php 第 378 行.
INFO: Run Behavior\ParseTemplateBehavior [ RunTime:0.024909s ]
INFO: [ view_parse ] --END-- [ RunTime:0.024949s ]
INFO: [ view_filter ] --START--
INFO: Run Behavior\WriteHtmlCacheBehavior [ RunTime:0.000108s ]
INFO: [ view_filter ] --END-- [ RunTime:0.000143s ]
INFO: [ app_end ] --START--
INFO: Run Behavior\ShowPageTraceBehavior [ RunTime:0.000371s ]
INFO: [ app_end ] --END-- [ RunTime:0.000410s ]

[ 2015-09-26T01:00:33+08:00 ] 151.80.31.147 /jquery/2/288/demo/psd
INFO: [ app_init ] --START--
INFO: Run Behavior\BuildLiteBehavior [ RunTime:0.000014s ]
INFO: [ app_init ] --END-- [ RunTime:0.000302s ]
INFO: [ app_begin ] --START--
INFO: Run Behavior\ReadHtmlCacheBehavior [ RunTime:0.000402s ]
INFO: [ app_begin ] --END-- [ RunTime:0.000453s ]
ERR: 无法加载控制器:Psd

[ 2015-09-26T04:35:18+08:00 ] 151.80.31.147 /jquery/2/288/demo/sitemap.html
INFO: [ app_init ] --START--
INFO: Run Behavior\BuildLiteBehavior [ RunTime:0.000013s ]
INFO: [ app_init ] --END-- [ RunTime:0.000265s ]
INFO: [ app_begin ] --START--
INFO: Run Behavior\ReadHtmlCacheBehavior [ RunTime:0.000334s ]
INFO: [ app_begin ] --END-- [ RunTime:0.000377s ]
ERR: 无法加载控制器:Sitemap

[ 2015-09-26T06:26:32+08:00 ] 66.249.65.192 /jquery/2/288/demo/search/search.html?keyword=%E7%80%91%E5%B8%83%E6%B5%81
INFO: [ app_init ] --START--
INFO: Run Behavior\BuildLiteBehavior [ RunTime:0.000016s ]
INFO: [ app_init ] --END-- [ RunTime:0.000324s ]
INFO: [ app_begin ] --START--
INFO: Run Behavior\ReadHtmlCacheBehavior [ RunTime:0.000409s ]
INFO: [ app_begin ] --END-- [ RunTime:0.000464s ]
ERR: 无法加载控制器:Search

[ 2015-09-26T09:51:47+08:00 ] 66.249.65.185 /jquery/2/288/demo/templates/69-0-0-0-0
INFO: [ app_init ] --START--
INFO: Run Behavior\BuildLiteBehavior [ RunTime:0.000014s ]
INFO: [ app_init ] --END-- [ RunTime:0.000280s ]
INFO: [ app_begin ] --START--
INFO: Run Behavior\ReadHtmlCacheBehavior [ RunTime:0.000379s ]
INFO: [ app_begin ] --END-- [ RunTime:0.000431s ]
ERR: 无法加载控制器:Templates

[ 2015-09-26T11:56:00+08:00 ] 151.80.31.147 /jquery/2/288/demo/search/search.html?keyword=%E7%80%91%E5%B8%83%E6%B5%81
INFO: [ app_init ] --START--
INFO: Run Behavior\BuildLiteBehavior [ RunTime:0.000013s ]
INFO: [ app_init ] --END-- [ RunTime:0.000280s ]
INFO: [ app_begin ] --START--
INFO: Run Behavior\ReadHtmlCacheBehavior [ RunTime:0.000352s ]
INFO: [ app_begin ] --END-- [ RunTime:0.000407s ]
ERR: 无法加载控制器:Search

[ 2015-09-26T13:31:53+08:00 ] 151.80.31.147 /jquery/2/288/demo/php/124-0-0-0
INFO: [ app_init ] --START--
INFO: Run Behavior\BuildLiteBehavior [ RunTime:0.000013s ]
INFO: [ app_init ] --END-- [ RunTime:0.000262s ]
INFO: [ app_begin ] --START--
INFO: Run Behavior\ReadHtmlCacheBehavior [ RunTime:0.000359s ]
INFO: [ app_begin ] --END-- [ RunTime:0.000402s ]
ERR: 无法加载控制器:Php

[ 2015-09-26T16:19:34+08:00 ] 151.80.31.147 /jquery/2/288/demo/search/search.html?keyword=bootstrap
INFO: [ app_init ] --START--
INFO: Run Behavior\BuildLiteBehavior [ RunTime:0.000016s ]
INFO: [ app_init ] --END-- [ RunTime:0.000290s ]
INFO: [ app_begin ] --START--
INFO: Run Behavior\ReadHtmlCacheBehavior [ RunTime:0.000401s ]
INFO: [ app_begin ] --END-- [ RunTime:0.000445s ]
ERR: 无法加载控制器:Search

[ 2015-09-26T17:34:43+08:00 ] 151.80.31.147 /jquery/2/288/demo/js/9-0-0-0
INFO: [ app_init ] --START--
INFO: Run Behavior\BuildLiteBehavior [ RunTime:0.000014s ]
INFO: [ app_init ] --END-- [ RunTime:0.000263s ]
INFO: [ app_begin ] --START--
INFO: Run Behavior\ReadHtmlCacheBehavior [ RunTime:0.000393s ]
INFO: [ app_begin ] --END-- [ RunTime:0.000435s ]
ERR: 无法加载控制器:Js

[ 2015-09-26T17:45:17+08:00 ] 151.80.31.147 /jquery/2/288/demo/templates/5-0-0-0-0
INFO: [ app_init ] --START--
INFO: Run Behavior\BuildLiteBehavior [ RunTime:0.000014s ]
INFO: [ app_init ] --END-- [ RunTime:0.000262s ]
INFO: [ app_begin ] --START--
INFO: Run Behavior\ReadHtmlCacheBehavior [ RunTime:0.000353s ]
INFO: [ app_begin ] --END-- [ RunTime:0.000395s ]
ERR: 无法加载控制器:Templates

[ 2015-09-26T19:05:20+08:00 ] 66.249.65.192 /jquery/2/288/demo/
INFO: [ app_init ] --START--
INFO: Run Behavior\BuildLiteBehavior [ RunTime:0.000013s ]
INFO: [ app_init ] --END-- [ RunTime:0.000301s ]
INFO: [ app_begin ] --START--
INFO: Run Behavior\ReadHtmlCacheBehavior [ RunTime:0.000348s ]
INFO: [ app_begin ] --END-- [ RunTime:0.000399s ]
INFO: [ view_parse ] --START--
INFO: [ template_filter ] --START--
INFO: Run Behavior\ContentReplaceBehavior [ RunTime:0.000183s ]
INFO: [ template_filter ] --END-- [ RunTime:0.000227s ]
NOTIC: [8] Undefined variable: keywords /web/jquery/2/288/demo/Application/Runtime/Cache/Home/2a94b8bda04ff446dcedd42276fc99ee.php 第 6 行.
NOTIC: [8] Undefined variable: description /web/jquery/2/288/demo/Application/Runtime/Cache/Home/2a94b8bda04ff446dcedd42276fc99ee.php 第 7 行.
NOTIC: [8] Undefined variable: version /web/jquery/2/288/demo/Application/Runtime/Cache/Home/2a94b8bda04ff446dcedd42276fc99ee.php 第 9 行.
NOTIC: [8] Undefined variable: url_cur /web/jquery/2/288/demo/Application/Runtime/Cache/Home/2a94b8bda04ff446dcedd42276fc99ee.php 第 23 行.
NOTIC: [8] Undefined index: userid /web/jquery/2/288/demo/Application/Runtime/Cache/Home/2a94b8bda04ff446dcedd42276fc99ee.php 第 41 行.
NOTIC: [8] Undefined variable: control /web/jquery/2/288/demo/Application/Runtime/Cache/Home/2a94b8bda04ff446dcedd42276fc99ee.php 第 103 行.
NOTIC: [8] Undefined variable: control /web/jquery/2/288/demo/Application/Runtime/Cache/Home/2a94b8bda04ff446dcedd42276fc99ee.php 第 104 行.
NOTIC: [8] Undefined variable: control /web/jquery/2/288/demo/Application/Runtime/Cache/Home/2a94b8bda04ff446dcedd42276fc99ee.php 第 105 行.
NOTIC: [8] Undefined variable: control /web/jquery/2/288/demo/Application/Runtime/Cache/Home/2a94b8bda04ff446dcedd42276fc99ee.php 第 106 行.
NOTIC: [8] Undefined variable: control /web/jquery/2/288/demo/Application/Runtime/Cache/Home/2a94b8bda04ff446dcedd42276fc99ee.php 第 107 行.
NOTIC: [8] Undefined variable: control /web/jquery/2/288/demo/Application/Runtime/Cache/Home/2a94b8bda04ff446dcedd42276fc99ee.php 第 108 行.
NOTIC: [8] Undefined variable: control /web/jquery/2/288/demo/Application/Runtime/Cache/Home/2a94b8bda04ff446dcedd42276fc99ee.php 第 109 行.
NOTIC: [8] Undefined variable: control /web/jquery/2/288/demo/Application/Runtime/Cache/Home/2a94b8bda04ff446dcedd42276fc99ee.php 第 110 行.
NOTIC: [8] Undefined variable: control /web/jquery/2/288/demo/Application/Runtime/Cache/Home/2a94b8bda04ff446dcedd42276fc99ee.php 第 111 行.
NOTIC: [8] Undefined variable: index_latest /web/jquery/2/288/demo/Application/Runtime/Cache/Home/2a94b8bda04ff446dcedd42276fc99ee.php 第 123 行.
NOTIC: [8] Undefined variable: templates_recommend /web/jquery/2/288/demo/Application/Runtime/Cache/Home/2a94b8bda04ff446dcedd42276fc99ee.php 第 172 行.
NOTIC: [8] Undefined variable: modals_cat /web/jquery/2/288/demo/Application/Runtime/Cache/Home/2a94b8bda04ff446dcedd42276fc99ee.php 第 188 行.
NOTIC: [8] Undefined variable: templates_latest_pics /web/jquery/2/288/demo/Application/Runtime/Cache/Home/2a94b8bda04ff446dcedd42276fc99ee.php 第 197 行.
NOTIC: [8] Undefined variable: templates_latest_words /web/jquery/2/288/demo/Application/Runtime/Cache/Home/2a94b8bda04ff446dcedd42276fc99ee.php 第 203 行.
NOTIC: [8] Undefined variable: modals_cat /web/jquery/2/288/demo/Application/Runtime/Cache/Home/2a94b8bda04ff446dcedd42276fc99ee.php 第 206 行.
NOTIC: [8] Undefined variable: js_recommend /web/jquery/2/288/demo/Application/Runtime/Cache/Home/2a94b8bda04ff446dcedd42276fc99ee.php 第 225 行.
NOTIC: [8] Undefined variable: js_cat /web/jquery/2/288/demo/Application/Runtime/Cache/Home/2a94b8bda04ff446dcedd42276fc99ee.php 第 240 行.
NOTIC: [8] Undefined variable: js_latest_pics /web/jquery/2/288/demo/Application/Runtime/Cache/Home/2a94b8bda04ff446dcedd42276fc99ee.php 第 249 行.
NOTIC: [8] Undefined variable: js_latest_words /web/jquery/2/288/demo/Application/Runtime/Cache/Home/2a94b8bda04ff446dcedd42276fc99ee.php 第 255 行.
NOTIC: [8] Undefined variable: js_cat /web/jquery/2/288/demo/Application/Runtime/Cache/Home/2a94b8bda04ff446dcedd42276fc99ee.php 第 258 行.
NOTIC: [8] Undefined variable: url_cur /web/jquery/2/288/demo/Application/Runtime/Cache/Home/2a94b8bda04ff446dcedd42276fc99ee.php 第 274 行.
NOTIC: [8] Undefined variable: id /web/jquery/2/288/demo/Application/Runtime/Cache/Home/2a94b8bda04ff446dcedd42276fc99ee.php 第 274 行.
NOTIC: [8] Undefined variable: mtype /web/jquery/2/288/demo/Application/Runtime/Cache/Home/2a94b8bda04ff446dcedd42276fc99ee.php 第 274 行.
NOTIC: [8] Undefined variable: control /web/jquery/2/288/demo/Application/Runtime/Cache/Home/2a94b8bda04ff446dcedd42276fc99ee.php 第 372 行.
NOTIC: [8] Undefined variable: version /web/jquery/2/288/demo/Application/Runtime/Cache/Home/2a94b8bda04ff446dcedd42276fc99ee.php 第 375 行.
NOTIC: [8] Undefined variable: control /web/jquery/2/288/demo/Application/Runtime/Cache/Home/2a94b8bda04ff446dcedd42276fc99ee.php 第 376 行.
NOTIC: [8] Undefined variable: control /web/jquery/2/288/demo/Application/Runtime/Cache/Home/2a94b8bda04ff446dcedd42276fc99ee.php 第 378 行.
NOTIC: [8] Undefined variable: control /web/jquery/2/288/demo/Application/Runtime/Cache/Home/2a94b8bda04ff446dcedd42276fc99ee.php 第 378 行.
INFO: Run Behavior\ParseTemplateBehavior [ RunTime:0.024756s ]
INFO: [ view_parse ] --END-- [ RunTime:0.024796s ]
INFO: [ view_filter ] --START--
INFO: Run Behavior\WriteHtmlCacheBehavior [ RunTime:0.000107s ]
INFO: [ view_filter ] --END-- [ RunTime:0.000142s ]
INFO: [ app_end ] --START--
INFO: Run Behavior\ShowPageTraceBehavior [ RunTime:0.000765s ]
INFO: [ app_end ] --END-- [ RunTime:0.000805s ]

[ 2015-09-26T20:34:09+08:00 ] 42.120.160.38 /jquery/2/288/demo/templates/53-0-0-0-0
INFO: [ app_init ] --START--
INFO: Run Behavior\BuildLiteBehavior [ RunTime:0.000014s ]
INFO: [ app_init ] --END-- [ RunTime:0.000321s ]
INFO: [ app_begin ] --START--
INFO: Run Behavior\ReadHtmlCacheBehavior [ RunTime:0.000348s ]
INFO: [ app_begin ] --END-- [ RunTime:0.000399s ]
ERR: 无法加载控制器:Templates

[ 2015-09-26T20:34:17+08:00 ] 42.156.138.38 /jquery/2/288/demo/reg.html
INFO: [ app_init ] --START--
INFO: Run Behavior\BuildLiteBehavior [ RunTime:0.000014s ]
INFO: [ app_init ] --END-- [ RunTime:0.000280s ]
INFO: [ app_begin ] --START--
INFO: Run Behavior\ReadHtmlCacheBehavior [ RunTime:0.000357s ]
INFO: [ app_begin ] --END-- [ RunTime:0.000399s ]
ERR: 无法加载控制器:Reg

[ 2015-09-26T20:34:25+08:00 ] 42.120.160.38 /jquery/2/288/demo/help/points
INFO: [ app_init ] --START--
INFO: Run Behavior\BuildLiteBehavior [ RunTime:0.000011s ]
INFO: [ app_init ] --END-- [ RunTime:0.000612s ]
INFO: [ app_begin ] --START--
INFO: Run Behavior\ReadHtmlCacheBehavior [ RunTime:0.000511s ]
INFO: [ app_begin ] --END-- [ RunTime:0.000560s ]
ERR: 无法加载控制器:Help

[ 2015-09-26T20:34:45+08:00 ] 42.120.160.38 /jquery/2/288/demo/templates/3-0-0-0-0
INFO: [ app_init ] --START--
INFO: Run Behavior\BuildLiteBehavior [ RunTime:0.000014s ]
INFO: [ app_init ] --END-- [ RunTime:0.000274s ]
INFO: [ app_begin ] --START--
INFO: Run Behavior\ReadHtmlCacheBehavior [ RunTime:0.000335s ]
INFO: [ app_begin ] --END-- [ RunTime:0.000378s ]
ERR: 无法加载控制器:Templates

[ 2015-09-26T20:35:39+08:00 ] 42.120.161.38 /jquery/2/288/demo/templates
INFO: [ app_init ] --START--
INFO: Run Behavior\BuildLiteBehavior [ RunTime:0.000014s ]
INFO: [ app_init ] --END-- [ RunTime:0.000305s ]
INFO: [ app_begin ] --START--
INFO: Run Behavior\ReadHtmlCacheBehavior [ RunTime:0.000343s ]
INFO: [ app_begin ] --END-- [ RunTime:0.000392s ]
ERR: 无法加载控制器:Templates

[ 2015-09-26T20:35:44+08:00 ] 42.120.161.38 /jquery/2/288/demo/templates/5-0-0-0-0
INFO: [ app_init ] --START--
INFO: Run Behavior\BuildLiteBehavior [ RunTime:0.000012s ]
INFO: [ app_init ] --END-- [ RunTime:0.000271s ]
INFO: [ app_begin ] --START--
INFO: Run Behavior\ReadHtmlCacheBehavior [ RunTime:0.000334s ]
INFO: [ app_begin ] --END-- [ RunTime:0.000378s ]
ERR: 无法加载控制器:Templates

[ 2015-09-26T20:37:19+08:00 ] 42.120.160.38 /jquery/2/288/demo/help/index
INFO: [ app_init ] --START--
INFO: Run Behavior\BuildLiteBehavior [ RunTime:0.000013s ]
INFO: [ app_init ] --END-- [ RunTime:0.000303s ]
INFO: [ app_begin ] --START--
INFO: Run Behavior\ReadHtmlCacheBehavior [ RunTime:0.000343s ]
INFO: [ app_begin ] --END-- [ RunTime:0.000393s ]
ERR: 无法加载控制器:Help

[ 2015-09-26T20:37:21+08:00 ] 42.156.139.38 /jquery/2/288/demo/templates/0-0-52-0-0
INFO: [ app_init ] --START--
INFO: Run Behavior\BuildLiteBehavior [ RunTime:0.000014s ]
INFO: [ app_init ] --END-- [ RunTime:0.000287s ]
INFO: [ app_begin ] --START--
INFO: Run Behavior\ReadHtmlCacheBehavior [ RunTime:0.000351s ]
INFO: [ app_begin ] --END-- [ RunTime:0.000398s ]
ERR: 无法加载控制器:Templates

[ 2015-09-26T20:37:36+08:00 ] 42.156.137.38 /jquery/2/288/demo/Member/sign.html
INFO: [ app_init ] --START--
INFO: Run Behavior\BuildLiteBehavior [ RunTime:0.000013s ]
INFO: [ app_init ] --END-- [ RunTime:0.000268s ]
INFO: [ app_begin ] --START--
INFO: Run Behavior\ReadHtmlCacheBehavior [ RunTime:0.000335s ]
INFO: [ app_begin ] --END-- [ RunTime:0.000378s ]
ERR: 无法加载控制器:Member

[ 2015-09-26T20:39:30+08:00 ] 42.156.137.38 /jquery/2/288/demo/search/search.html?keyword=%E7%80%91%E5%B8%83%E6%B5%81
INFO: [ app_init ] --START--
INFO: Run Behavior\BuildLiteBehavior [ RunTime:0.000014s ]
INFO: [ app_init ] --END-- [ RunTime:0.000271s ]
INFO: [ app_begin ] --START--
INFO: Run Behavior\ReadHtmlCacheBehavior [ RunTime:0.000337s ]
INFO: [ app_begin ] --END-- [ RunTime:0.000379s ]
ERR: 无法加载控制器:Search

[ 2015-09-26T20:48:55+08:00 ] 42.120.160.38 /jquery/2/288/demo/js/128-0-0-0
INFO: [ app_init ] --START--
INFO: Run Behavior\BuildLiteBehavior [ RunTime:0.000015s ]
INFO: [ app_init ] --END-- [ RunTime:0.000288s ]
INFO: [ app_begin ] --START--
INFO: Run Behavior\ReadHtmlCacheBehavior [ RunTime:0.000376s ]
INFO: [ app_begin ] --END-- [ RunTime:0.000427s ]
ERR: 无法加载控制器:Js

[ 2015-09-26T20:50:13+08:00 ] 42.156.139.38 /jquery/2/288/demo/search/search.html?keyword=%E5%BC%B9%E5%87%BA%E5%B1%82
INFO: [ app_init ] --START--
INFO: Run Behavior\BuildLiteBehavior [ RunTime:0.000014s ]
INFO: [ app_init ] --END-- [ RunTime:0.000324s ]
INFO: [ app_begin ] --START--
INFO: Run Behavior\ReadHtmlCacheBehavior [ RunTime:0.000344s ]
INFO: [ app_begin ] --END-- [ RunTime:0.000395s ]
ERR: 无法加载控制器:Search

[ 2015-09-26T20:53:03+08:00 ] 42.156.138.38 /jquery/2/288/demo/help/job
INFO: [ app_init ] --START--
INFO: Run Behavior\BuildLiteBehavior [ RunTime:0.000014s ]
INFO: [ app_init ] --END-- [ RunTime:0.000285s ]
INFO: [ app_begin ] --START--
INFO: Run Behavior\ReadHtmlCacheBehavior [ RunTime:0.000380s ]
INFO: [ app_begin ] --END-- [ RunTime:0.000423s ]
ERR: 无法加载控制器:Help

[ 2015-09-26T20:53:22+08:00 ] 42.156.138.38 /jquery/2/288/demo/Index/login/type/qq.html
INFO: [ app_init ] --START--
INFO: Run Behavior\BuildLiteBehavior [ RunTime:0.000014s ]
INFO: [ app_init ] --END-- [ RunTime:0.000295s ]
INFO: [ app_begin ] --START--
INFO: Run Behavior\ReadHtmlCacheBehavior [ RunTime:0.000401s ]
INFO: [ app_begin ] --END-- [ RunTime:0.000445s ]

[ 2015-09-26T20:53:36+08:00 ] 42.120.161.38 /jquery/2/288/demo/search/search.html?keyword=%E8%B4%AD%E7%89%A9%E8%BD%A6
INFO: [ app_init ] --START--
INFO: Run Behavior\BuildLiteBehavior [ RunTime:0.000014s ]
INFO: [ app_init ] --END-- [ RunTime:0.000274s ]
INFO: [ app_begin ] --START--
INFO: Run Behavior\ReadHtmlCacheBehavior [ RunTime:0.000345s ]
INFO: [ app_begin ] --END-- [ RunTime:0.000389s ]
ERR: 无法加载控制器:Search

[ 2015-09-26T20:55:50+08:00 ] 42.156.137.38 /jquery/2/288/demo/help/contact
INFO: [ app_init ] --START--
INFO: Run Behavior\BuildLiteBehavior [ RunTime:0.000013s ]
INFO: [ app_init ] --END-- [ RunTime:0.000264s ]
INFO: [ app_begin ] --START--
INFO: Run Behavior\ReadHtmlCacheBehavior [ RunTime:0.000343s ]
INFO: [ app_begin ] --END-- [ RunTime:0.000386s ]
ERR: 无法加载控制器:Help

[ 2015-09-26T20:57:24+08:00 ] 42.156.139.38 /jquery/2/288/demo/js/9-0-0-0
INFO: [ app_init ] --START--
INFO: Run Behavior\BuildLiteBehavior [ RunTime:0.000011s ]
INFO: [ app_init ] --END-- [ RunTime:0.000274s ]
INFO: [ app_begin ] --START--
INFO: Run Behavior\ReadHtmlCacheBehavior [ RunTime:0.000364s ]
INFO: [ app_begin ] --END-- [ RunTime:0.000408s ]
ERR: 无法加载控制器:Js

[ 2015-09-26T20:57:57+08:00 ] 42.120.161.38 /jquery/2/288/demo/login.html
INFO: [ app_init ] --START--
INFO: Run Behavior\BuildLiteBehavior [ RunTime:0.000013s ]
INFO: [ app_init ] --END-- [ RunTime:0.000298s ]
INFO: [ app_begin ] --START--
INFO: Run Behavior\ReadHtmlCacheBehavior [ RunTime:0.000384s ]
INFO: [ app_begin ] --END-- [ RunTime:0.000451s ]
INFO: [ view_parse ] --START--
INFO: [ template_filter ] --START--
INFO: Run Behavior\ContentReplaceBehavior [ RunTime:0.000096s ]
INFO: [ template_filter ] --END-- [ RunTime:0.000142s ]
NOTIC: [8] Undefined variable: keywords /web/jquery/2/288/demo/Application/Runtime/Cache/Home/ccea6a400660ce54d68cab67b9f68781.php 第 6 行.
NOTIC: [8] Undefined variable: description /web/jquery/2/288/demo/Application/Runtime/Cache/Home/ccea6a400660ce54d68cab67b9f68781.php 第 7 行.
NOTIC: [8] Undefined variable: version /web/jquery/2/288/demo/Application/Runtime/Cache/Home/ccea6a400660ce54d68cab67b9f68781.php 第 9 行.
NOTIC: [8] Undefined variable: url_cur /web/jquery/2/288/demo/Application/Runtime/Cache/Home/ccea6a400660ce54d68cab67b9f68781.php 第 23 行.
NOTIC: [8] Undefined index: userid /web/jquery/2/288/demo/Application/Runtime/Cache/Home/ccea6a400660ce54d68cab67b9f68781.php 第 41 行.
NOTIC: [8] Undefined variable: control /web/jquery/2/288/demo/Application/Runtime/Cache/Home/ccea6a400660ce54d68cab67b9f68781.php 第 103 行.
NOTIC: [8] Undefined variable: control /web/jquery/2/288/demo/Application/Runtime/Cache/Home/ccea6a400660ce54d68cab67b9f68781.php 第 104 行.
NOTIC: [8] Undefined variable: control /web/jquery/2/288/demo/Application/Runtime/Cache/Home/ccea6a400660ce54d68cab67b9f68781.php 第 105 行.
NOTIC: [8] Undefined variable: control /web/jquery/2/288/demo/Application/Runtime/Cache/Home/ccea6a400660ce54d68cab67b9f68781.php 第 106 行.
NOTIC: [8] Undefined variable: control /web/jquery/2/288/demo/Application/Runtime/Cache/Home/ccea6a400660ce54d68cab67b9f68781.php 第 107 行.
NOTIC: [8] Undefined variable: control /web/jquery/2/288/demo/Application/Runtime/Cache/Home/ccea6a400660ce54d68cab67b9f68781.php 第 108 行.
NOTIC: [8] Undefined variable: control /web/jquery/2/288/demo/Application/Runtime/Cache/Home/ccea6a400660ce54d68cab67b9f68781.php 第 109 行.
NOTIC: [8] Undefined variable: control /web/jquery/2/288/demo/Application/Runtime/Cache/Home/ccea6a400660ce54d68cab67b9f68781.php 第 110 行.
NOTIC: [8] Undefined variable: control /web/jquery/2/288/demo/Application/Runtime/Cache/Home/ccea6a400660ce54d68cab67b9f68781.php 第 111 行.
NOTIC: [8] Undefined variable: url_cur /web/jquery/2/288/demo/Application/Runtime/Cache/Home/ccea6a400660ce54d68cab67b9f68781.php 第 159 行.
NOTIC: [8] Undefined variable: id /web/jquery/2/288/demo/Application/Runtime/Cache/Home/ccea6a400660ce54d68cab67b9f68781.php 第 159 行.
NOTIC: [8] Undefined variable: mtype /web/jquery/2/288/demo/Application/Runtime/Cache/Home/ccea6a400660ce54d68cab67b9f68781.php 第 159 行.
NOTIC: [8] Undefined variable: control /web/jquery/2/288/demo/Application/Runtime/Cache/Home/ccea6a400660ce54d68cab67b9f68781.php 第 257 行.
NOTIC: [8] Undefined variable: version /web/jquery/2/288/demo/Application/Runtime/Cache/Home/ccea6a400660ce54d68cab67b9f68781.php 第 260 行.
NOTIC: [8] Undefined variable: control /web/jquery/2/288/demo/Application/Runtime/Cache/Home/ccea6a400660ce54d68cab67b9f68781.php 第 261 行.
NOTIC: [8] Undefined variable: control /web/jquery/2/288/demo/Application/Runtime/Cache/Home/ccea6a400660ce54d68cab67b9f68781.php 第 263 行.
NOTIC: [8] Undefined variable: control /web/jquery/2/288/demo/Application/Runtime/Cache/Home/ccea6a400660ce54d68cab67b9f68781.php 第 263 行.
INFO: Run Behavior\ParseTemplateBehavior [ RunTime:0.040579s ]
INFO: [ view_parse ] --END-- [ RunTime:0.040624s ]
INFO: [ view_filter ] --START--
INFO: Run Behavior\WriteHtmlCacheBehavior [ RunTime:0.000116s ]
INFO: [ view_filter ] --END-- [ RunTime:0.000150s ]
INFO: [ app_end ] --START--
INFO: Run Behavior\ShowPageTraceBehavior [ RunTime:0.000418s ]
INFO: [ app_end ] --END-- [ RunTime:0.000459s ]

[ 2015-09-26T20:58:32+08:00 ] 42.120.161.38 /jquery/2/288/demo/templates/4-0-0-0-0
INFO: [ app_init ] --START--
INFO: Run Behavior\BuildLiteBehavior [ RunTime:0.000013s ]
INFO: [ app_init ] --END-- [ RunTime:0.000278s ]
INFO: [ app_begin ] --START--
INFO: Run Behavior\ReadHtmlCacheBehavior [ RunTime:0.000351s ]
INFO: [ app_begin ] --END-- [ RunTime:0.000403s ]
ERR: 无法加载控制器:Templates

[ 2015-09-26T21:01:25+08:00 ] 151.80.31.147 /jquery/2/288/demo/help/template
INFO: [ app_init ] --START--
INFO: Run Behavior\BuildLiteBehavior [ RunTime:0.000015s ]
INFO: [ app_init ] --END-- [ RunTime:0.000282s ]
INFO: [ app_begin ] --START--
INFO: Run Behavior\ReadHtmlCacheBehavior [ RunTime:0.000377s ]
INFO: [ app_begin ] --END-- [ RunTime:0.000420s ]
ERR: 无法加载控制器:Help

[ 2015-09-26T21:02:47+08:00 ] 42.156.138.38 /jquery/2/288/demo/psd
INFO: [ app_init ] --START--
INFO: Run Behavior\BuildLiteBehavior [ RunTime:0.000012s ]
INFO: [ app_init ] --END-- [ RunTime:0.000261s ]
INFO: [ app_begin ] --START--
INFO: Run Behavior\ReadHtmlCacheBehavior [ RunTime:0.000376s ]
INFO: [ app_begin ] --END-- [ RunTime:0.000419s ]
ERR: 无法加载控制器:Psd

[ 2015-09-26T21:56:29+08:00 ] 151.80.31.147 /jquery/2/288/demo/js/53-0-0-0
INFO: [ app_init ] --START--
INFO: Run Behavior\BuildLiteBehavior [ RunTime:0.000013s ]
INFO: [ app_init ] --END-- [ RunTime:0.000293s ]
INFO: [ app_begin ] --START--
INFO: Run Behavior\ReadHtmlCacheBehavior [ RunTime:0.000334s ]
INFO: [ app_begin ] --END-- [ RunTime:0.000377s ]
ERR: 无法加载控制器:Js

[ 2015-09-26T23:40:37+08:00 ] 151.80.31.147 /jquery/2/288/demo/templates/0-0-52-0-0
INFO: [ app_init ] --START--
INFO: Run Behavior\BuildLiteBehavior [ RunTime:0.000014s ]
INFO: [ app_init ] --END-- [ RunTime:0.000282s ]
INFO: [ app_begin ] --START--
INFO: Run Behavior\ReadHtmlCacheBehavior [ RunTime:0.000348s ]
INFO: [ app_begin ] --END-- [ RunTime:0.000390s ]
ERR: 无法加载控制器:Templates

