[ 2015-08-02T12:21:32+08:00 ] 223.242.173.87 /jquery/2/288/demo/
INFO: [ app_init ] --START--
INFO: Run Behavior\BuildLiteBehavior [ RunTime:0.000014s ]
INFO: [ app_init ] --END-- [ RunTime:0.000329s ]
INFO: [ app_begin ] --START--
INFO: Run Behavior\ReadHtmlCacheBehavior [ RunTime:0.000436s ]
INFO: [ app_begin ] --END-- [ RunTime:0.000488s ]
INFO: [ view_parse ] --START--
INFO: [ template_filter ] --START--
INFO: Run Behavior\ContentReplaceBehavior [ RunTime:0.000179s ]
INFO: [ template_filter ] --END-- [ RunTime:0.000247s ]
NOTIC: [8] Undefined variable: keywords /data/www/default/jquery/2/288/demo/Application/Runtime/Cache/Home/2a94b8bda04ff446dcedd42276fc99ee.php 第 6 行.
NOTIC: [8] Undefined variable: description /data/www/default/jquery/2/288/demo/Application/Runtime/Cache/Home/2a94b8bda04ff446dcedd42276fc99ee.php 第 7 行.
NOTIC: [8] Undefined variable: version /data/www/default/jquery/2/288/demo/Application/Runtime/Cache/Home/2a94b8bda04ff446dcedd42276fc99ee.php 第 9 行.
NOTIC: [8] Undefined variable: url_cur /data/www/default/jquery/2/288/demo/Application/Runtime/Cache/Home/2a94b8bda04ff446dcedd42276fc99ee.php 第 23 行.
NOTIC: [8] Undefined index: userid /data/www/default/jquery/2/288/demo/Application/Runtime/Cache/Home/2a94b8bda04ff446dcedd42276fc99ee.php 第 41 行.
NOTIC: [8] Undefined variable: control /data/www/default/jquery/2/288/demo/Application/Runtime/Cache/Home/2a94b8bda04ff446dcedd42276fc99ee.php 第 103 行.
NOTIC: [8] Undefined variable: control /data/www/default/jquery/2/288/demo/Application/Runtime/Cache/Home/2a94b8bda04ff446dcedd42276fc99ee.php 第 104 行.
NOTIC: [8] Undefined variable: control /data/www/default/jquery/2/288/demo/Application/Runtime/Cache/Home/2a94b8bda04ff446dcedd42276fc99ee.php 第 105 行.
NOTIC: [8] Undefined variable: control /data/www/default/jquery/2/288/demo/Application/Runtime/Cache/Home/2a94b8bda04ff446dcedd42276fc99ee.php 第 106 行.
NOTIC: [8] Undefined variable: control /data/www/default/jquery/2/288/demo/Application/Runtime/Cache/Home/2a94b8bda04ff446dcedd42276fc99ee.php 第 107 行.
NOTIC: [8] Undefined variable: control /data/www/default/jquery/2/288/demo/Application/Runtime/Cache/Home/2a94b8bda04ff446dcedd42276fc99ee.php 第 108 行.
NOTIC: [8] Undefined variable: control /data/www/default/jquery/2/288/demo/Application/Runtime/Cache/Home/2a94b8bda04ff446dcedd42276fc99ee.php 第 109 行.
NOTIC: [8] Undefined variable: control /data/www/default/jquery/2/288/demo/Application/Runtime/Cache/Home/2a94b8bda04ff446dcedd42276fc99ee.php 第 110 行.
NOTIC: [8] Undefined variable: control /data/www/default/jquery/2/288/demo/Application/Runtime/Cache/Home/2a94b8bda04ff446dcedd42276fc99ee.php 第 111 行.
NOTIC: [8] Undefined variable: index_latest /data/www/default/jquery/2/288/demo/Application/Runtime/Cache/Home/2a94b8bda04ff446dcedd42276fc99ee.php 第 123 行.
NOTIC: [8] Undefined variable: templates_recommend /data/www/default/jquery/2/288/demo/Application/Runtime/Cache/Home/2a94b8bda04ff446dcedd42276fc99ee.php 第 172 行.
NOTIC: [8] Undefined variable: modals_cat /data/www/default/jquery/2/288/demo/Application/Runtime/Cache/Home/2a94b8bda04ff446dcedd42276fc99ee.php 第 188 行.
NOTIC: [8] Undefined variable: templates_latest_pics /data/www/default/jquery/2/288/demo/Application/Runtime/Cache/Home/2a94b8bda04ff446dcedd42276fc99ee.php 第 197 行.
NOTIC: [8] Undefined variable: templates_latest_words /data/www/default/jquery/2/288/demo/Application/Runtime/Cache/Home/2a94b8bda04ff446dcedd42276fc99ee.php 第 203 行.
NOTIC: [8] Undefined variable: modals_cat /data/www/default/jquery/2/288/demo/Application/Runtime/Cache/Home/2a94b8bda04ff446dcedd42276fc99ee.php 第 206 行.
NOTIC: [8] Undefined variable: js_recommend /data/www/default/jquery/2/288/demo/Application/Runtime/Cache/Home/2a94b8bda04ff446dcedd42276fc99ee.php 第 225 行.
NOTIC: [8] Undefined variable: js_cat /data/www/default/jquery/2/288/demo/Application/Runtime/Cache/Home/2a94b8bda04ff446dcedd42276fc99ee.php 第 240 行.
NOTIC: [8] Undefined variable: js_latest_pics /data/www/default/jquery/2/288/demo/Application/Runtime/Cache/Home/2a94b8bda04ff446dcedd42276fc99ee.php 第 249 行.
NOTIC: [8] Undefined variable: js_latest_words /data/www/default/jquery/2/288/demo/Application/Runtime/Cache/Home/2a94b8bda04ff446dcedd42276fc99ee.php 第 255 行.
NOTIC: [8] Undefined variable: js_cat /data/www/default/jquery/2/288/demo/Application/Runtime/Cache/Home/2a94b8bda04ff446dcedd42276fc99ee.php 第 258 行.
NOTIC: [8] Undefined variable: url_cur /data/www/default/jquery/2/288/demo/Application/Runtime/Cache/Home/2a94b8bda04ff446dcedd42276fc99ee.php 第 274 行.
NOTIC: [8] Undefined variable: id /data/www/default/jquery/2/288/demo/Application/Runtime/Cache/Home/2a94b8bda04ff446dcedd42276fc99ee.php 第 274 行.
NOTIC: [8] Undefined variable: mtype /data/www/default/jquery/2/288/demo/Application/Runtime/Cache/Home/2a94b8bda04ff446dcedd42276fc99ee.php 第 274 行.
NOTIC: [8] Undefined variable: control /data/www/default/jquery/2/288/demo/Application/Runtime/Cache/Home/2a94b8bda04ff446dcedd42276fc99ee.php 第 372 行.
NOTIC: [8] Undefined variable: version /data/www/default/jquery/2/288/demo/Application/Runtime/Cache/Home/2a94b8bda04ff446dcedd42276fc99ee.php 第 375 行.
NOTIC: [8] Undefined variable: control /data/www/default/jquery/2/288/demo/Application/Runtime/Cache/Home/2a94b8bda04ff446dcedd42276fc99ee.php 第 376 行.
NOTIC: [8] Undefined variable: control /data/www/default/jquery/2/288/demo/Application/Runtime/Cache/Home/2a94b8bda04ff446dcedd42276fc99ee.php 第 378 行.
NOTIC: [8] Undefined variable: control /data/www/default/jquery/2/288/demo/Application/Runtime/Cache/Home/2a94b8bda04ff446dcedd42276fc99ee.php 第 378 行.
INFO: Run Behavior\ParseTemplateBehavior [ RunTime:0.079656s ]
INFO: [ view_parse ] --END-- [ RunTime:0.079697s ]
INFO: [ view_filter ] --START--
INFO: Run Behavior\WriteHtmlCacheBehavior [ RunTime:0.000137s ]
INFO: [ view_filter ] --END-- [ RunTime:0.000174s ]
INFO: [ app_end ] --START--
INFO: Run Behavior\ShowPageTraceBehavior [ RunTime:0.000421s ]
INFO: [ app_end ] --END-- [ RunTime:0.000462s ]

[ 2015-08-02T18:13:07+08:00 ] 68.180.228.37 /jquery/2/288/demo/source
INFO: [ app_init ] --START--
INFO: Run Behavior\BuildLiteBehavior [ RunTime:0.000016s ]
INFO: [ app_init ] --END-- [ RunTime:0.000300s ]
INFO: [ app_begin ] --START--
INFO: Run Behavior\ReadHtmlCacheBehavior [ RunTime:0.000343s ]
INFO: [ app_begin ] --END-- [ RunTime:0.000384s ]
ERR: 无法加载控制器:Source

