[ 2015-09-24T04:17:13+08:00 ] 151.80.31.147 /jquery/2/288/demo/Index/login/type/renren.html
INFO: [ app_init ] --START--
INFO: Run Behavior\BuildLiteBehavior [ RunTime:0.000015s ]
INFO: [ app_init ] --END-- [ RunTime:0.001012s ]
INFO: [ app_begin ] --START--
INFO: Run Behavior\ReadHtmlCacheBehavior [ RunTime:0.001237s ]
INFO: [ app_begin ] --END-- [ RunTime:0.001309s ]
ERR: 请配置您申请的APP_KEY和APP_SECRET

[ 2015-09-24T04:43:53+08:00 ] 66.249.65.192 /jquery/2/288/demo/search/search.html?keyword=bootstrap
INFO: [ app_init ] --START--
INFO: Run Behavior\BuildLiteBehavior [ RunTime:0.000014s ]
INFO: [ app_init ] --END-- [ RunTime:0.000292s ]
INFO: [ app_begin ] --START--
INFO: Run Behavior\ReadHtmlCacheBehavior [ RunTime:0.000377s ]
INFO: [ app_begin ] --END-- [ RunTime:0.000429s ]
ERR: 无法加载控制器:Search

[ 2015-09-24T04:51:17+08:00 ] 151.80.31.147 /jquery/2/288/demo/help/points
INFO: [ app_init ] --START--
INFO: Run Behavior\BuildLiteBehavior [ RunTime:0.000022s ]
INFO: [ app_init ] --END-- [ RunTime:0.000520s ]
INFO: [ app_begin ] --START--
INFO: Run Behavior\ReadHtmlCacheBehavior [ RunTime:0.000367s ]
INFO: [ app_begin ] --END-- [ RunTime:0.000410s ]
ERR: 无法加载控制器:Help

[ 2015-09-24T06:23:40+08:00 ] 66.249.65.178 /jquery/2/288/demo/Member/downloads.html
INFO: [ app_init ] --START--
INFO: Run Behavior\BuildLiteBehavior [ RunTime:0.000014s ]
INFO: [ app_init ] --END-- [ RunTime:0.000266s ]
INFO: [ app_begin ] --START--
INFO: Run Behavior\ReadHtmlCacheBehavior [ RunTime:0.000333s ]
INFO: [ app_begin ] --END-- [ RunTime:0.000377s ]
ERR: 无法加载控制器:Member

[ 2015-09-24T07:25:03+08:00 ] 151.80.31.147 /jquery/2/288/demo/Member/info.html
INFO: [ app_init ] --START--
INFO: Run Behavior\BuildLiteBehavior [ RunTime:0.000014s ]
INFO: [ app_init ] --END-- [ RunTime:0.000285s ]
INFO: [ app_begin ] --START--
INFO: Run Behavior\ReadHtmlCacheBehavior [ RunTime:0.000355s ]
INFO: [ app_begin ] --END-- [ RunTime:0.000407s ]
ERR: 无法加载控制器:Member

[ 2015-09-24T11:05:39+08:00 ] 151.80.31.147 /jquery/2/288/demo/templates/8-0-0-0-0
INFO: [ app_init ] --START--
INFO: Run Behavior\BuildLiteBehavior [ RunTime:0.000013s ]
INFO: [ app_init ] --END-- [ RunTime:0.000270s ]
INFO: [ app_begin ] --START--
INFO: Run Behavior\ReadHtmlCacheBehavior [ RunTime:0.000379s ]
INFO: [ app_begin ] --END-- [ RunTime:0.000425s ]
ERR: 无法加载控制器:Templates

[ 2015-09-24T15:39:17+08:00 ] 151.80.31.147 /jquery/2/288/demo/Member/downloads.html
INFO: [ app_init ] --START--
INFO: Run Behavior\BuildLiteBehavior [ RunTime:0.000013s ]
INFO: [ app_init ] --END-- [ RunTime:0.000264s ]
INFO: [ app_begin ] --START--
INFO: Run Behavior\ReadHtmlCacheBehavior [ RunTime:0.000403s ]
INFO: [ app_begin ] --END-- [ RunTime:0.000447s ]
ERR: 无法加载控制器:Member

[ 2015-09-24T16:21:09+08:00 ] 151.80.31.147 /jquery/2/288/demo/help/index
INFO: [ app_init ] --START--
INFO: Run Behavior\BuildLiteBehavior [ RunTime:0.000017s ]
INFO: [ app_init ] --END-- [ RunTime:0.000312s ]
INFO: [ app_begin ] --START--
INFO: Run Behavior\ReadHtmlCacheBehavior [ RunTime:0.000360s ]
INFO: [ app_begin ] --END-- [ RunTime:0.000413s ]
ERR: 无法加载控制器:Help

[ 2015-09-24T18:00:11+08:00 ] 151.80.31.147 /jquery/2/288/demo/
INFO: [ app_init ] --START--
INFO: Run Behavior\BuildLiteBehavior [ RunTime:0.000014s ]
INFO: [ app_init ] --END-- [ RunTime:0.000304s ]
INFO: [ app_begin ] --START--
INFO: Run Behavior\ReadHtmlCacheBehavior [ RunTime:0.000401s ]
INFO: [ app_begin ] --END-- [ RunTime:0.000444s ]
INFO: [ view_parse ] --START--
INFO: [ template_filter ] --START--
INFO: Run Behavior\ContentReplaceBehavior [ RunTime:0.000196s ]
INFO: [ template_filter ] --END-- [ RunTime:0.000290s ]
NOTIC: [8] Undefined variable: keywords /web/jquery/2/288/demo/Application/Runtime/Cache/Home/2a94b8bda04ff446dcedd42276fc99ee.php 第 6 行.
NOTIC: [8] Undefined variable: description /web/jquery/2/288/demo/Application/Runtime/Cache/Home/2a94b8bda04ff446dcedd42276fc99ee.php 第 7 行.
NOTIC: [8] Undefined variable: version /web/jquery/2/288/demo/Application/Runtime/Cache/Home/2a94b8bda04ff446dcedd42276fc99ee.php 第 9 行.
NOTIC: [8] Undefined variable: url_cur /web/jquery/2/288/demo/Application/Runtime/Cache/Home/2a94b8bda04ff446dcedd42276fc99ee.php 第 23 行.
NOTIC: [8] Undefined index: userid /web/jquery/2/288/demo/Application/Runtime/Cache/Home/2a94b8bda04ff446dcedd42276fc99ee.php 第 41 行.
NOTIC: [8] Undefined variable: control /web/jquery/2/288/demo/Application/Runtime/Cache/Home/2a94b8bda04ff446dcedd42276fc99ee.php 第 103 行.
NOTIC: [8] Undefined variable: control /web/jquery/2/288/demo/Application/Runtime/Cache/Home/2a94b8bda04ff446dcedd42276fc99ee.php 第 104 行.
NOTIC: [8] Undefined variable: control /web/jquery/2/288/demo/Application/Runtime/Cache/Home/2a94b8bda04ff446dcedd42276fc99ee.php 第 105 行.
NOTIC: [8] Undefined variable: control /web/jquery/2/288/demo/Application/Runtime/Cache/Home/2a94b8bda04ff446dcedd42276fc99ee.php 第 106 行.
NOTIC: [8] Undefined variable: control /web/jquery/2/288/demo/Application/Runtime/Cache/Home/2a94b8bda04ff446dcedd42276fc99ee.php 第 107 行.
NOTIC: [8] Undefined variable: control /web/jquery/2/288/demo/Application/Runtime/Cache/Home/2a94b8bda04ff446dcedd42276fc99ee.php 第 108 行.
NOTIC: [8] Undefined variable: control /web/jquery/2/288/demo/Application/Runtime/Cache/Home/2a94b8bda04ff446dcedd42276fc99ee.php 第 109 行.
NOTIC: [8] Undefined variable: control /web/jquery/2/288/demo/Application/Runtime/Cache/Home/2a94b8bda04ff446dcedd42276fc99ee.php 第 110 行.
NOTIC: [8] Undefined variable: control /web/jquery/2/288/demo/Application/Runtime/Cache/Home/2a94b8bda04ff446dcedd42276fc99ee.php 第 111 行.
NOTIC: [8] Undefined variable: index_latest /web/jquery/2/288/demo/Application/Runtime/Cache/Home/2a94b8bda04ff446dcedd42276fc99ee.php 第 123 行.
NOTIC: [8] Undefined variable: templates_recommend /web/jquery/2/288/demo/Application/Runtime/Cache/Home/2a94b8bda04ff446dcedd42276fc99ee.php 第 172 行.
NOTIC: [8] Undefined variable: modals_cat /web/jquery/2/288/demo/Application/Runtime/Cache/Home/2a94b8bda04ff446dcedd42276fc99ee.php 第 188 行.
NOTIC: [8] Undefined variable: templates_latest_pics /web/jquery/2/288/demo/Application/Runtime/Cache/Home/2a94b8bda04ff446dcedd42276fc99ee.php 第 197 行.
NOTIC: [8] Undefined variable: templates_latest_words /web/jquery/2/288/demo/Application/Runtime/Cache/Home/2a94b8bda04ff446dcedd42276fc99ee.php 第 203 行.
NOTIC: [8] Undefined variable: modals_cat /web/jquery/2/288/demo/Application/Runtime/Cache/Home/2a94b8bda04ff446dcedd42276fc99ee.php 第 206 行.
NOTIC: [8] Undefined variable: js_recommend /web/jquery/2/288/demo/Application/Runtime/Cache/Home/2a94b8bda04ff446dcedd42276fc99ee.php 第 225 行.
NOTIC: [8] Undefined variable: js_cat /web/jquery/2/288/demo/Application/Runtime/Cache/Home/2a94b8bda04ff446dcedd42276fc99ee.php 第 240 行.
NOTIC: [8] Undefined variable: js_latest_pics /web/jquery/2/288/demo/Application/Runtime/Cache/Home/2a94b8bda04ff446dcedd42276fc99ee.php 第 249 行.
NOTIC: [8] Undefined variable: js_latest_words /web/jquery/2/288/demo/Application/Runtime/Cache/Home/2a94b8bda04ff446dcedd42276fc99ee.php 第 255 行.
NOTIC: [8] Undefined variable: js_cat /web/jquery/2/288/demo/Application/Runtime/Cache/Home/2a94b8bda04ff446dcedd42276fc99ee.php 第 258 行.
NOTIC: [8] Undefined variable: url_cur /web/jquery/2/288/demo/Application/Runtime/Cache/Home/2a94b8bda04ff446dcedd42276fc99ee.php 第 274 行.
NOTIC: [8] Undefined variable: id /web/jquery/2/288/demo/Application/Runtime/Cache/Home/2a94b8bda04ff446dcedd42276fc99ee.php 第 274 行.
NOTIC: [8] Undefined variable: mtype /web/jquery/2/288/demo/Application/Runtime/Cache/Home/2a94b8bda04ff446dcedd42276fc99ee.php 第 274 行.
NOTIC: [8] Undefined variable: control /web/jquery/2/288/demo/Application/Runtime/Cache/Home/2a94b8bda04ff446dcedd42276fc99ee.php 第 372 行.
NOTIC: [8] Undefined variable: version /web/jquery/2/288/demo/Application/Runtime/Cache/Home/2a94b8bda04ff446dcedd42276fc99ee.php 第 375 行.
NOTIC: [8] Undefined variable: control /web/jquery/2/288/demo/Application/Runtime/Cache/Home/2a94b8bda04ff446dcedd42276fc99ee.php 第 376 行.
NOTIC: [8] Undefined variable: control /web/jquery/2/288/demo/Application/Runtime/Cache/Home/2a94b8bda04ff446dcedd42276fc99ee.php 第 378 行.
NOTIC: [8] Undefined variable: control /web/jquery/2/288/demo/Application/Runtime/Cache/Home/2a94b8bda04ff446dcedd42276fc99ee.php 第 378 行.
INFO: Run Behavior\ParseTemplateBehavior [ RunTime:0.100716s ]
INFO: [ view_parse ] --END-- [ RunTime:0.100756s ]
INFO: [ view_filter ] --START--
INFO: Run Behavior\WriteHtmlCacheBehavior [ RunTime:0.019560s ]
INFO: [ view_filter ] --END-- [ RunTime:0.019599s ]
INFO: [ app_end ] --START--
INFO: Run Behavior\ShowPageTraceBehavior [ RunTime:0.001363s ]
INFO: [ app_end ] --END-- [ RunTime:0.001406s ]

[ 2015-09-24T18:06:33+08:00 ] 151.80.31.147 /jquery/2/288/demo/site/24-0-0-0-0
INFO: [ app_init ] --START--
INFO: Run Behavior\BuildLiteBehavior [ RunTime:0.000014s ]
INFO: [ app_init ] --END-- [ RunTime:0.000279s ]
INFO: [ app_begin ] --START--
INFO: Run Behavior\ReadHtmlCacheBehavior [ RunTime:0.000368s ]
INFO: [ app_begin ] --END-- [ RunTime:0.000411s ]
ERR: 无法加载控制器:Site

[ 2015-09-24T19:06:45+08:00 ] 151.80.31.147 /jquery/2/288/demo/templates/7-0-0-0-0
INFO: [ app_init ] --START--
INFO: Run Behavior\BuildLiteBehavior [ RunTime:0.000016s ]
INFO: [ app_init ] --END-- [ RunTime:0.000341s ]
INFO: [ app_begin ] --START--
INFO: Run Behavior\ReadHtmlCacheBehavior [ RunTime:0.000395s ]
INFO: [ app_begin ] --END-- [ RunTime:0.000446s ]
ERR: 无法加载控制器:Templates

[ 2015-09-24T20:35:47+08:00 ] 42.156.137.79 /jquery/2/288/demo/Member/info.html
INFO: [ app_init ] --START--
INFO: Run Behavior\BuildLiteBehavior [ RunTime:0.000018s ]
INFO: [ app_init ] --END-- [ RunTime:0.000314s ]
INFO: [ app_begin ] --START--
INFO: Run Behavior\ReadHtmlCacheBehavior [ RunTime:0.000456s ]
INFO: [ app_begin ] --END-- [ RunTime:0.000501s ]
ERR: 无法加载控制器:Member

[ 2015-09-24T20:41:24+08:00 ] 42.120.160.79 /jquery/2/288/demo/site/5-0-0-0-0
INFO: [ app_init ] --START--
INFO: Run Behavior\BuildLiteBehavior [ RunTime:0.000015s ]
INFO: [ app_init ] --END-- [ RunTime:0.000274s ]
INFO: [ app_begin ] --START--
INFO: Run Behavior\ReadHtmlCacheBehavior [ RunTime:0.000371s ]
INFO: [ app_begin ] --END-- [ RunTime:0.000415s ]
ERR: 无法加载控制器:Site

[ 2015-09-24T20:41:56+08:00 ] 42.120.160.79 /jquery/2/288/demo/js/53-0-0-0
INFO: [ app_init ] --START--
INFO: Run Behavior\BuildLiteBehavior [ RunTime:0.000013s ]
INFO: [ app_init ] --END-- [ RunTime:0.000262s ]
INFO: [ app_begin ] --START--
INFO: Run Behavior\ReadHtmlCacheBehavior [ RunTime:0.000359s ]
INFO: [ app_begin ] --END-- [ RunTime:0.000402s ]
ERR: 无法加载控制器:Js

[ 2015-09-24T20:44:37+08:00 ] 42.120.160.79 /jquery/2/288/demo/templates/69-0-0-0-0
INFO: [ app_init ] --START--
INFO: Run Behavior\BuildLiteBehavior [ RunTime:0.000013s ]
INFO: [ app_init ] --END-- [ RunTime:0.000269s ]
INFO: [ app_begin ] --START--
INFO: Run Behavior\ReadHtmlCacheBehavior [ RunTime:0.000359s ]
INFO: [ app_begin ] --END-- [ RunTime:0.000402s ]
ERR: 无法加载控制器:Templates

[ 2015-09-24T20:45:33+08:00 ] 42.120.160.79 /jquery/2/288/demo/Index/logout?r=
INFO: [ app_init ] --START--
INFO: Run Behavior\BuildLiteBehavior [ RunTime:0.000014s ]
INFO: [ app_init ] --END-- [ RunTime:0.000268s ]
INFO: [ app_begin ] --START--
INFO: Run Behavior\ReadHtmlCacheBehavior [ RunTime:0.000358s ]
INFO: [ app_begin ] --END-- [ RunTime:0.000402s ]
INFO: [ app_end ] --START--
INFO: Run Behavior\ShowPageTraceBehavior [ RunTime:0.000415s ]
INFO: [ app_end ] --END-- [ RunTime:0.000488s ]

[ 2015-09-24T20:45:33+08:00 ] 42.120.160.79 /jquery/2/288/demo/
INFO: [ app_init ] --START--
INFO: Run Behavior\BuildLiteBehavior [ RunTime:0.000012s ]
INFO: [ app_init ] --END-- [ RunTime:0.000256s ]
INFO: [ app_begin ] --START--
INFO: Run Behavior\ReadHtmlCacheBehavior [ RunTime:0.000356s ]
INFO: [ app_begin ] --END-- [ RunTime:0.000400s ]
INFO: [ view_parse ] --START--
INFO: [ template_filter ] --START--
INFO: Run Behavior\ContentReplaceBehavior [ RunTime:0.000186s ]
INFO: [ template_filter ] --END-- [ RunTime:0.000244s ]
NOTIC: [8] Undefined variable: keywords /web/jquery/2/288/demo/Application/Runtime/Cache/Home/2a94b8bda04ff446dcedd42276fc99ee.php 第 6 行.
NOTIC: [8] Undefined variable: description /web/jquery/2/288/demo/Application/Runtime/Cache/Home/2a94b8bda04ff446dcedd42276fc99ee.php 第 7 行.
NOTIC: [8] Undefined variable: version /web/jquery/2/288/demo/Application/Runtime/Cache/Home/2a94b8bda04ff446dcedd42276fc99ee.php 第 9 行.
NOTIC: [8] Undefined variable: url_cur /web/jquery/2/288/demo/Application/Runtime/Cache/Home/2a94b8bda04ff446dcedd42276fc99ee.php 第 23 行.
NOTIC: [8] Undefined index: userid /web/jquery/2/288/demo/Application/Runtime/Cache/Home/2a94b8bda04ff446dcedd42276fc99ee.php 第 41 行.
NOTIC: [8] Undefined variable: control /web/jquery/2/288/demo/Application/Runtime/Cache/Home/2a94b8bda04ff446dcedd42276fc99ee.php 第 103 行.
NOTIC: [8] Undefined variable: control /web/jquery/2/288/demo/Application/Runtime/Cache/Home/2a94b8bda04ff446dcedd42276fc99ee.php 第 104 行.
NOTIC: [8] Undefined variable: control /web/jquery/2/288/demo/Application/Runtime/Cache/Home/2a94b8bda04ff446dcedd42276fc99ee.php 第 105 行.
NOTIC: [8] Undefined variable: control /web/jquery/2/288/demo/Application/Runtime/Cache/Home/2a94b8bda04ff446dcedd42276fc99ee.php 第 106 行.
NOTIC: [8] Undefined variable: control /web/jquery/2/288/demo/Application/Runtime/Cache/Home/2a94b8bda04ff446dcedd42276fc99ee.php 第 107 行.
NOTIC: [8] Undefined variable: control /web/jquery/2/288/demo/Application/Runtime/Cache/Home/2a94b8bda04ff446dcedd42276fc99ee.php 第 108 行.
NOTIC: [8] Undefined variable: control /web/jquery/2/288/demo/Application/Runtime/Cache/Home/2a94b8bda04ff446dcedd42276fc99ee.php 第 109 行.
NOTIC: [8] Undefined variable: control /web/jquery/2/288/demo/Application/Runtime/Cache/Home/2a94b8bda04ff446dcedd42276fc99ee.php 第 110 行.
NOTIC: [8] Undefined variable: control /web/jquery/2/288/demo/Application/Runtime/Cache/Home/2a94b8bda04ff446dcedd42276fc99ee.php 第 111 行.
NOTIC: [8] Undefined variable: index_latest /web/jquery/2/288/demo/Application/Runtime/Cache/Home/2a94b8bda04ff446dcedd42276fc99ee.php 第 123 行.
NOTIC: [8] Undefined variable: templates_recommend /web/jquery/2/288/demo/Application/Runtime/Cache/Home/2a94b8bda04ff446dcedd42276fc99ee.php 第 172 行.
NOTIC: [8] Undefined variable: modals_cat /web/jquery/2/288/demo/Application/Runtime/Cache/Home/2a94b8bda04ff446dcedd42276fc99ee.php 第 188 行.
NOTIC: [8] Undefined variable: templates_latest_pics /web/jquery/2/288/demo/Application/Runtime/Cache/Home/2a94b8bda04ff446dcedd42276fc99ee.php 第 197 行.
NOTIC: [8] Undefined variable: templates_latest_words /web/jquery/2/288/demo/Application/Runtime/Cache/Home/2a94b8bda04ff446dcedd42276fc99ee.php 第 203 行.
NOTIC: [8] Undefined variable: modals_cat /web/jquery/2/288/demo/Application/Runtime/Cache/Home/2a94b8bda04ff446dcedd42276fc99ee.php 第 206 行.
NOTIC: [8] Undefined variable: js_recommend /web/jquery/2/288/demo/Application/Runtime/Cache/Home/2a94b8bda04ff446dcedd42276fc99ee.php 第 225 行.
NOTIC: [8] Undefined variable: js_cat /web/jquery/2/288/demo/Application/Runtime/Cache/Home/2a94b8bda04ff446dcedd42276fc99ee.php 第 240 行.
NOTIC: [8] Undefined variable: js_latest_pics /web/jquery/2/288/demo/Application/Runtime/Cache/Home/2a94b8bda04ff446dcedd42276fc99ee.php 第 249 行.
NOTIC: [8] Undefined variable: js_latest_words /web/jquery/2/288/demo/Application/Runtime/Cache/Home/2a94b8bda04ff446dcedd42276fc99ee.php 第 255 行.
NOTIC: [8] Undefined variable: js_cat /web/jquery/2/288/demo/Application/Runtime/Cache/Home/2a94b8bda04ff446dcedd42276fc99ee.php 第 258 行.
NOTIC: [8] Undefined variable: url_cur /web/jquery/2/288/demo/Application/Runtime/Cache/Home/2a94b8bda04ff446dcedd42276fc99ee.php 第 274 行.
NOTIC: [8] Undefined variable: id /web/jquery/2/288/demo/Application/Runtime/Cache/Home/2a94b8bda04ff446dcedd42276fc99ee.php 第 274 行.
NOTIC: [8] Undefined variable: mtype /web/jquery/2/288/demo/Application/Runtime/Cache/Home/2a94b8bda04ff446dcedd42276fc99ee.php 第 274 行.
NOTIC: [8] Undefined variable: control /web/jquery/2/288/demo/Application/Runtime/Cache/Home/2a94b8bda04ff446dcedd42276fc99ee.php 第 372 行.
NOTIC: [8] Undefined variable: version /web/jquery/2/288/demo/Application/Runtime/Cache/Home/2a94b8bda04ff446dcedd42276fc99ee.php 第 375 行.
NOTIC: [8] Undefined variable: control /web/jquery/2/288/demo/Application/Runtime/Cache/Home/2a94b8bda04ff446dcedd42276fc99ee.php 第 376 行.
NOTIC: [8] Undefined variable: control /web/jquery/2/288/demo/Application/Runtime/Cache/Home/2a94b8bda04ff446dcedd42276fc99ee.php 第 378 行.
NOTIC: [8] Undefined variable: control /web/jquery/2/288/demo/Application/Runtime/Cache/Home/2a94b8bda04ff446dcedd42276fc99ee.php 第 378 行.
INFO: Run Behavior\ParseTemplateBehavior [ RunTime:0.024981s ]
INFO: [ view_parse ] --END-- [ RunTime:0.025020s ]
INFO: [ view_filter ] --START--
INFO: Run Behavior\WriteHtmlCacheBehavior [ RunTime:0.000146s ]
INFO: [ view_filter ] --END-- [ RunTime:0.000181s ]
INFO: [ app_end ] --START--
INFO: Run Behavior\ShowPageTraceBehavior [ RunTime:0.000394s ]
INFO: [ app_end ] --END-- [ RunTime:0.000435s ]

[ 2015-09-24T20:46:27+08:00 ] 42.120.161.79 /jquery/2/288/demo/site/4-0-0-0-0
INFO: [ app_init ] --START--
INFO: Run Behavior\BuildLiteBehavior [ RunTime:0.000013s ]
INFO: [ app_init ] --END-- [ RunTime:0.000291s ]
INFO: [ app_begin ] --START--
INFO: Run Behavior\ReadHtmlCacheBehavior [ RunTime:0.000393s ]
INFO: [ app_begin ] --END-- [ RunTime:0.000436s ]
ERR: 无法加载控制器:Site

[ 2015-09-24T20:47:21+08:00 ] 42.120.160.79 /jquery/2/288/demo/site/23-0-0-0-0
INFO: [ app_init ] --START--
INFO: Run Behavior\BuildLiteBehavior [ RunTime:0.000013s ]
INFO: [ app_init ] --END-- [ RunTime:0.000283s ]
INFO: [ app_begin ] --START--
INFO: Run Behavior\ReadHtmlCacheBehavior [ RunTime:0.000381s ]
INFO: [ app_begin ] --END-- [ RunTime:0.000423s ]
ERR: 无法加载控制器:Site

[ 2015-09-24T20:48:35+08:00 ] 42.120.161.79 /jquery/2/288/demo/js/0-0-6-0
INFO: [ app_init ] --START--
INFO: Run Behavior\BuildLiteBehavior [ RunTime:0.000013s ]
INFO: [ app_init ] --END-- [ RunTime:0.000305s ]
INFO: [ app_begin ] --START--
INFO: Run Behavior\ReadHtmlCacheBehavior [ RunTime:0.000333s ]
INFO: [ app_begin ] --END-- [ RunTime:0.000376s ]
ERR: 无法加载控制器:Js

[ 2015-09-24T20:50:04+08:00 ] 42.120.161.79 /jquery/2/288/demo/site/77-0-0-0-0
INFO: [ app_init ] --START--
INFO: Run Behavior\BuildLiteBehavior [ RunTime:0.000013s ]
INFO: [ app_init ] --END-- [ RunTime:0.000352s ]
INFO: [ app_begin ] --START--
INFO: Run Behavior\ReadHtmlCacheBehavior [ RunTime:0.000452s ]
INFO: [ app_begin ] --END-- [ RunTime:0.000518s ]
ERR: 无法加载控制器:Site

[ 2015-09-24T20:50:24+08:00 ] 42.156.136.79 /jquery/2/288/demo/templates/54-0-0-0-0
INFO: [ app_init ] --START--
INFO: Run Behavior\BuildLiteBehavior [ RunTime:0.000011s ]
INFO: [ app_init ] --END-- [ RunTime:0.000277s ]
INFO: [ app_begin ] --START--
INFO: Run Behavior\ReadHtmlCacheBehavior [ RunTime:0.000447s ]
INFO: [ app_begin ] --END-- [ RunTime:0.000508s ]
ERR: 无法加载控制器:Templates

[ 2015-09-24T20:50:27+08:00 ] 42.120.161.79 /jquery/2/288/demo/Index/login/type/renren.html
INFO: [ app_init ] --START--
INFO: Run Behavior\BuildLiteBehavior [ RunTime:0.000013s ]
INFO: [ app_init ] --END-- [ RunTime:0.000288s ]
INFO: [ app_begin ] --START--
INFO: Run Behavior\ReadHtmlCacheBehavior [ RunTime:0.000373s ]
INFO: [ app_begin ] --END-- [ RunTime:0.000424s ]
ERR: 请配置您申请的APP_KEY和APP_SECRET

