[ 2016-06-04T05:08:29+08:00 ] 203.208.60.165 /jquery/2/288/demo/site
INFO: [ app_init ] --START--
INFO: Run Behavior\BuildLiteBehavior [ RunTime:0.000018s ]
INFO: [ app_init ] --END-- [ RunTime:0.006130s ]
INFO: [ app_begin ] --START--
INFO: Run Behavior\ReadHtmlCacheBehavior [ RunTime:0.001049s ]
INFO: [ app_begin ] --END-- [ RunTime:0.001093s ]
ERR: 无法加载控制器:Site

[ 2016-06-04T05:23:37+08:00 ] 203.208.60.163 /jquery/2/288/demo/answer
INFO: [ app_init ] --START--
INFO: Run Behavior\BuildLiteBehavior [ RunTime:0.000014s ]
INFO: [ app_init ] --END-- [ RunTime:0.000288s ]
INFO: [ app_begin ] --START--
INFO: Run Behavior\ReadHtmlCacheBehavior [ RunTime:0.000326s ]
INFO: [ app_begin ] --END-- [ RunTime:0.000369s ]
ERR: 无法加载控制器:Answer

[ 2016-06-04T08:54:01+08:00 ] 220.181.108.157 /jquery/2/288/demo/
INFO: [ app_init ] --START--
INFO: Run Behavior\BuildLiteBehavior [ RunTime:0.000021s ]
INFO: [ app_init ] --END-- [ RunTime:0.000397s ]
INFO: [ app_begin ] --START--
INFO: Run Behavior\ReadHtmlCacheBehavior [ RunTime:0.000346s ]
INFO: [ app_begin ] --END-- [ RunTime:0.000389s ]
INFO: [ view_parse ] --START--
INFO: [ template_filter ] --START--
INFO: Run Behavior\ContentReplaceBehavior [ RunTime:0.000149s ]
INFO: [ template_filter ] --END-- [ RunTime:0.000215s ]
NOTIC: [8] Undefined variable: keywords /data/www/jquery/2/288/demo/Application/Runtime/Cache/Home/2a94b8bda04ff446dcedd42276fc99ee.php 第 6 行.
NOTIC: [8] Undefined variable: description /data/www/jquery/2/288/demo/Application/Runtime/Cache/Home/2a94b8bda04ff446dcedd42276fc99ee.php 第 7 行.
NOTIC: [8] Undefined variable: version /data/www/jquery/2/288/demo/Application/Runtime/Cache/Home/2a94b8bda04ff446dcedd42276fc99ee.php 第 9 行.
NOTIC: [8] Undefined variable: url_cur /data/www/jquery/2/288/demo/Application/Runtime/Cache/Home/2a94b8bda04ff446dcedd42276fc99ee.php 第 23 行.
NOTIC: [8] Undefined index: userid /data/www/jquery/2/288/demo/Application/Runtime/Cache/Home/2a94b8bda04ff446dcedd42276fc99ee.php 第 41 行.
NOTIC: [8] Undefined variable: control /data/www/jquery/2/288/demo/Application/Runtime/Cache/Home/2a94b8bda04ff446dcedd42276fc99ee.php 第 103 行.
NOTIC: [8] Undefined variable: control /data/www/jquery/2/288/demo/Application/Runtime/Cache/Home/2a94b8bda04ff446dcedd42276fc99ee.php 第 104 行.
NOTIC: [8] Undefined variable: control /data/www/jquery/2/288/demo/Application/Runtime/Cache/Home/2a94b8bda04ff446dcedd42276fc99ee.php 第 105 行.
NOTIC: [8] Undefined variable: control /data/www/jquery/2/288/demo/Application/Runtime/Cache/Home/2a94b8bda04ff446dcedd42276fc99ee.php 第 106 行.
NOTIC: [8] Undefined variable: control /data/www/jquery/2/288/demo/Application/Runtime/Cache/Home/2a94b8bda04ff446dcedd42276fc99ee.php 第 107 行.
NOTIC: [8] Undefined variable: control /data/www/jquery/2/288/demo/Application/Runtime/Cache/Home/2a94b8bda04ff446dcedd42276fc99ee.php 第 108 行.
NOTIC: [8] Undefined variable: control /data/www/jquery/2/288/demo/Application/Runtime/Cache/Home/2a94b8bda04ff446dcedd42276fc99ee.php 第 109 行.
NOTIC: [8] Undefined variable: control /data/www/jquery/2/288/demo/Application/Runtime/Cache/Home/2a94b8bda04ff446dcedd42276fc99ee.php 第 110 行.
NOTIC: [8] Undefined variable: control /data/www/jquery/2/288/demo/Application/Runtime/Cache/Home/2a94b8bda04ff446dcedd42276fc99ee.php 第 111 行.
NOTIC: [8] Undefined variable: index_latest /data/www/jquery/2/288/demo/Application/Runtime/Cache/Home/2a94b8bda04ff446dcedd42276fc99ee.php 第 123 行.
NOTIC: [8] Undefined variable: templates_recommend /data/www/jquery/2/288/demo/Application/Runtime/Cache/Home/2a94b8bda04ff446dcedd42276fc99ee.php 第 172 行.
NOTIC: [8] Undefined variable: modals_cat /data/www/jquery/2/288/demo/Application/Runtime/Cache/Home/2a94b8bda04ff446dcedd42276fc99ee.php 第 188 行.
NOTIC: [8] Undefined variable: templates_latest_pics /data/www/jquery/2/288/demo/Application/Runtime/Cache/Home/2a94b8bda04ff446dcedd42276fc99ee.php 第 197 行.
NOTIC: [8] Undefined variable: templates_latest_words /data/www/jquery/2/288/demo/Application/Runtime/Cache/Home/2a94b8bda04ff446dcedd42276fc99ee.php 第 203 行.
NOTIC: [8] Undefined variable: modals_cat /data/www/jquery/2/288/demo/Application/Runtime/Cache/Home/2a94b8bda04ff446dcedd42276fc99ee.php 第 206 行.
NOTIC: [8] Undefined variable: js_recommend /data/www/jquery/2/288/demo/Application/Runtime/Cache/Home/2a94b8bda04ff446dcedd42276fc99ee.php 第 225 行.
NOTIC: [8] Undefined variable: js_cat /data/www/jquery/2/288/demo/Application/Runtime/Cache/Home/2a94b8bda04ff446dcedd42276fc99ee.php 第 240 行.
NOTIC: [8] Undefined variable: js_latest_pics /data/www/jquery/2/288/demo/Application/Runtime/Cache/Home/2a94b8bda04ff446dcedd42276fc99ee.php 第 249 行.
NOTIC: [8] Undefined variable: js_latest_words /data/www/jquery/2/288/demo/Application/Runtime/Cache/Home/2a94b8bda04ff446dcedd42276fc99ee.php 第 255 行.
NOTIC: [8] Undefined variable: js_cat /data/www/jquery/2/288/demo/Application/Runtime/Cache/Home/2a94b8bda04ff446dcedd42276fc99ee.php 第 258 行.
NOTIC: [8] Undefined variable: url_cur /data/www/jquery/2/288/demo/Application/Runtime/Cache/Home/2a94b8bda04ff446dcedd42276fc99ee.php 第 274 行.
NOTIC: [8] Undefined variable: id /data/www/jquery/2/288/demo/Application/Runtime/Cache/Home/2a94b8bda04ff446dcedd42276fc99ee.php 第 274 行.
NOTIC: [8] Undefined variable: mtype /data/www/jquery/2/288/demo/Application/Runtime/Cache/Home/2a94b8bda04ff446dcedd42276fc99ee.php 第 274 行.
NOTIC: [8] Undefined variable: control /data/www/jquery/2/288/demo/Application/Runtime/Cache/Home/2a94b8bda04ff446dcedd42276fc99ee.php 第 372 行.
NOTIC: [8] Undefined variable: version /data/www/jquery/2/288/demo/Application/Runtime/Cache/Home/2a94b8bda04ff446dcedd42276fc99ee.php 第 375 行.
NOTIC: [8] Undefined variable: control /data/www/jquery/2/288/demo/Application/Runtime/Cache/Home/2a94b8bda04ff446dcedd42276fc99ee.php 第 376 行.
NOTIC: [8] Undefined variable: control /data/www/jquery/2/288/demo/Application/Runtime/Cache/Home/2a94b8bda04ff446dcedd42276fc99ee.php 第 378 行.
NOTIC: [8] Undefined variable: control /data/www/jquery/2/288/demo/Application/Runtime/Cache/Home/2a94b8bda04ff446dcedd42276fc99ee.php 第 378 行.
INFO: Run Behavior\ParseTemplateBehavior [ RunTime:0.024716s ]
INFO: [ view_parse ] --END-- [ RunTime:0.024758s ]
INFO: [ view_filter ] --START--
INFO: Run Behavior\WriteHtmlCacheBehavior [ RunTime:0.000133s ]
INFO: [ view_filter ] --END-- [ RunTime:0.000167s ]
INFO: [ app_end ] --START--
INFO: Run Behavior\ShowPageTraceBehavior [ RunTime:0.000438s ]
INFO: [ app_end ] --END-- [ RunTime:0.000485s ]

