[ 2016-05-02T13:08:07+08:00 ] 51.255.65.79 /jquery/2/288/demo/Member/downloads.html
INFO: [ app_init ] --START--
INFO: Run Behavior\BuildLiteBehavior [ RunTime:0.000017s ]
INFO: [ app_init ] --END-- [ RunTime:0.008665s ]
INFO: [ app_begin ] --START--
INFO: Run Behavior\ReadHtmlCacheBehavior [ RunTime:0.001094s ]
INFO: [ app_begin ] --END-- [ RunTime:0.001148s ]
ERR: 无法加载控制器:Member

[ 2016-05-02T13:50:46+08:00 ] 144.76.112.23 /jquery/2/288/demo/login.html
INFO: [ app_init ] --START--
INFO: Run Behavior\BuildLiteBehavior [ RunTime:0.000014s ]
INFO: [ app_init ] --END-- [ RunTime:0.000285s ]
INFO: [ app_begin ] --START--
INFO: Run Behavior\ReadHtmlCacheBehavior [ RunTime:0.000365s ]
INFO: [ app_begin ] --END-- [ RunTime:0.000409s ]
INFO: [ view_parse ] --START--
INFO: [ template_filter ] --START--
INFO: Run Behavior\ContentReplaceBehavior [ RunTime:0.000097s ]
INFO: [ template_filter ] --END-- [ RunTime:0.000143s ]
NOTIC: [8] Undefined variable: keywords /data/www/jquery/2/288/demo/Application/Runtime/Cache/Home/ccea6a400660ce54d68cab67b9f68781.php 第 6 行.
NOTIC: [8] Undefined variable: description /data/www/jquery/2/288/demo/Application/Runtime/Cache/Home/ccea6a400660ce54d68cab67b9f68781.php 第 7 行.
NOTIC: [8] Undefined variable: version /data/www/jquery/2/288/demo/Application/Runtime/Cache/Home/ccea6a400660ce54d68cab67b9f68781.php 第 9 行.
NOTIC: [8] Undefined variable: url_cur /data/www/jquery/2/288/demo/Application/Runtime/Cache/Home/ccea6a400660ce54d68cab67b9f68781.php 第 23 行.
NOTIC: [8] Undefined index: userid /data/www/jquery/2/288/demo/Application/Runtime/Cache/Home/ccea6a400660ce54d68cab67b9f68781.php 第 41 行.
NOTIC: [8] Undefined variable: control /data/www/jquery/2/288/demo/Application/Runtime/Cache/Home/ccea6a400660ce54d68cab67b9f68781.php 第 103 行.
NOTIC: [8] Undefined variable: control /data/www/jquery/2/288/demo/Application/Runtime/Cache/Home/ccea6a400660ce54d68cab67b9f68781.php 第 104 行.
NOTIC: [8] Undefined variable: control /data/www/jquery/2/288/demo/Application/Runtime/Cache/Home/ccea6a400660ce54d68cab67b9f68781.php 第 105 行.
NOTIC: [8] Undefined variable: control /data/www/jquery/2/288/demo/Application/Runtime/Cache/Home/ccea6a400660ce54d68cab67b9f68781.php 第 106 行.
NOTIC: [8] Undefined variable: control /data/www/jquery/2/288/demo/Application/Runtime/Cache/Home/ccea6a400660ce54d68cab67b9f68781.php 第 107 行.
NOTIC: [8] Undefined variable: control /data/www/jquery/2/288/demo/Application/Runtime/Cache/Home/ccea6a400660ce54d68cab67b9f68781.php 第 108 行.
NOTIC: [8] Undefined variable: control /data/www/jquery/2/288/demo/Application/Runtime/Cache/Home/ccea6a400660ce54d68cab67b9f68781.php 第 109 行.
NOTIC: [8] Undefined variable: control /data/www/jquery/2/288/demo/Application/Runtime/Cache/Home/ccea6a400660ce54d68cab67b9f68781.php 第 110 行.
NOTIC: [8] Undefined variable: control /data/www/jquery/2/288/demo/Application/Runtime/Cache/Home/ccea6a400660ce54d68cab67b9f68781.php 第 111 行.
NOTIC: [8] Undefined variable: url_cur /data/www/jquery/2/288/demo/Application/Runtime/Cache/Home/ccea6a400660ce54d68cab67b9f68781.php 第 159 行.
NOTIC: [8] Undefined variable: id /data/www/jquery/2/288/demo/Application/Runtime/Cache/Home/ccea6a400660ce54d68cab67b9f68781.php 第 159 行.
NOTIC: [8] Undefined variable: mtype /data/www/jquery/2/288/demo/Application/Runtime/Cache/Home/ccea6a400660ce54d68cab67b9f68781.php 第 159 行.
NOTIC: [8] Undefined variable: control /data/www/jquery/2/288/demo/Application/Runtime/Cache/Home/ccea6a400660ce54d68cab67b9f68781.php 第 257 行.
NOTIC: [8] Undefined variable: version /data/www/jquery/2/288/demo/Application/Runtime/Cache/Home/ccea6a400660ce54d68cab67b9f68781.php 第 260 行.
NOTIC: [8] Undefined variable: control /data/www/jquery/2/288/demo/Application/Runtime/Cache/Home/ccea6a400660ce54d68cab67b9f68781.php 第 261 行.
NOTIC: [8] Undefined variable: control /data/www/jquery/2/288/demo/Application/Runtime/Cache/Home/ccea6a400660ce54d68cab67b9f68781.php 第 263 行.
NOTIC: [8] Undefined variable: control /data/www/jquery/2/288/demo/Application/Runtime/Cache/Home/ccea6a400660ce54d68cab67b9f68781.php 第 263 行.
INFO: Run Behavior\ParseTemplateBehavior [ RunTime:0.072519s ]
INFO: [ view_parse ] --END-- [ RunTime:0.072557s ]
INFO: [ view_filter ] --START--
INFO: Run Behavior\WriteHtmlCacheBehavior [ RunTime:0.004500s ]
INFO: [ view_filter ] --END-- [ RunTime:0.004539s ]
INFO: [ app_end ] --START--
INFO: Run Behavior\ShowPageTraceBehavior [ RunTime:0.000376s ]
INFO: [ app_end ] --END-- [ RunTime:0.000418s ]

[ 2016-05-02T17:15:14+08:00 ] 157.55.39.168 /jquery/2/288/demo/login.html
INFO: [ app_init ] --START--
INFO: Run Behavior\BuildLiteBehavior [ RunTime:0.000015s ]
INFO: [ app_init ] --END-- [ RunTime:0.000276s ]
INFO: [ app_begin ] --START--
INFO: Run Behavior\ReadHtmlCacheBehavior [ RunTime:0.000354s ]
INFO: [ app_begin ] --END-- [ RunTime:0.000398s ]
INFO: [ view_parse ] --START--
INFO: [ template_filter ] --START--
INFO: Run Behavior\ContentReplaceBehavior [ RunTime:0.000097s ]
INFO: [ template_filter ] --END-- [ RunTime:0.000144s ]
NOTIC: [8] Undefined variable: keywords /data/www/jquery/2/288/demo/Application/Runtime/Cache/Home/ccea6a400660ce54d68cab67b9f68781.php 第 6 行.
NOTIC: [8] Undefined variable: description /data/www/jquery/2/288/demo/Application/Runtime/Cache/Home/ccea6a400660ce54d68cab67b9f68781.php 第 7 行.
NOTIC: [8] Undefined variable: version /data/www/jquery/2/288/demo/Application/Runtime/Cache/Home/ccea6a400660ce54d68cab67b9f68781.php 第 9 行.
NOTIC: [8] Undefined variable: url_cur /data/www/jquery/2/288/demo/Application/Runtime/Cache/Home/ccea6a400660ce54d68cab67b9f68781.php 第 23 行.
NOTIC: [8] Undefined index: userid /data/www/jquery/2/288/demo/Application/Runtime/Cache/Home/ccea6a400660ce54d68cab67b9f68781.php 第 41 行.
NOTIC: [8] Undefined variable: control /data/www/jquery/2/288/demo/Application/Runtime/Cache/Home/ccea6a400660ce54d68cab67b9f68781.php 第 103 行.
NOTIC: [8] Undefined variable: control /data/www/jquery/2/288/demo/Application/Runtime/Cache/Home/ccea6a400660ce54d68cab67b9f68781.php 第 104 行.
NOTIC: [8] Undefined variable: control /data/www/jquery/2/288/demo/Application/Runtime/Cache/Home/ccea6a400660ce54d68cab67b9f68781.php 第 105 行.
NOTIC: [8] Undefined variable: control /data/www/jquery/2/288/demo/Application/Runtime/Cache/Home/ccea6a400660ce54d68cab67b9f68781.php 第 106 行.
NOTIC: [8] Undefined variable: control /data/www/jquery/2/288/demo/Application/Runtime/Cache/Home/ccea6a400660ce54d68cab67b9f68781.php 第 107 行.
NOTIC: [8] Undefined variable: control /data/www/jquery/2/288/demo/Application/Runtime/Cache/Home/ccea6a400660ce54d68cab67b9f68781.php 第 108 行.
NOTIC: [8] Undefined variable: control /data/www/jquery/2/288/demo/Application/Runtime/Cache/Home/ccea6a400660ce54d68cab67b9f68781.php 第 109 行.
NOTIC: [8] Undefined variable: control /data/www/jquery/2/288/demo/Application/Runtime/Cache/Home/ccea6a400660ce54d68cab67b9f68781.php 第 110 行.
NOTIC: [8] Undefined variable: control /data/www/jquery/2/288/demo/Application/Runtime/Cache/Home/ccea6a400660ce54d68cab67b9f68781.php 第 111 行.
NOTIC: [8] Undefined variable: url_cur /data/www/jquery/2/288/demo/Application/Runtime/Cache/Home/ccea6a400660ce54d68cab67b9f68781.php 第 159 行.
NOTIC: [8] Undefined variable: id /data/www/jquery/2/288/demo/Application/Runtime/Cache/Home/ccea6a400660ce54d68cab67b9f68781.php 第 159 行.
NOTIC: [8] Undefined variable: mtype /data/www/jquery/2/288/demo/Application/Runtime/Cache/Home/ccea6a400660ce54d68cab67b9f68781.php 第 159 行.
NOTIC: [8] Undefined variable: control /data/www/jquery/2/288/demo/Application/Runtime/Cache/Home/ccea6a400660ce54d68cab67b9f68781.php 第 257 行.
NOTIC: [8] Undefined variable: version /data/www/jquery/2/288/demo/Application/Runtime/Cache/Home/ccea6a400660ce54d68cab67b9f68781.php 第 260 行.
NOTIC: [8] Undefined variable: control /data/www/jquery/2/288/demo/Application/Runtime/Cache/Home/ccea6a400660ce54d68cab67b9f68781.php 第 261 行.
NOTIC: [8] Undefined variable: control /data/www/jquery/2/288/demo/Application/Runtime/Cache/Home/ccea6a400660ce54d68cab67b9f68781.php 第 263 行.
NOTIC: [8] Undefined variable: control /data/www/jquery/2/288/demo/Application/Runtime/Cache/Home/ccea6a400660ce54d68cab67b9f68781.php 第 263 行.
INFO: Run Behavior\ParseTemplateBehavior [ RunTime:0.011925s ]
INFO: [ view_parse ] --END-- [ RunTime:0.011965s ]
INFO: [ view_filter ] --START--
INFO: Run Behavior\WriteHtmlCacheBehavior [ RunTime:0.000122s ]
INFO: [ view_filter ] --END-- [ RunTime:0.000157s ]
INFO: [ app_end ] --START--
INFO: Run Behavior\ShowPageTraceBehavior [ RunTime:0.000423s ]
INFO: [ app_end ] --END-- [ RunTime:0.000464s ]

