[ 2016-05-21T04:08:24+08:00 ] 164.132.161.18 /jquery/2/288/demo/js/14-0-0-0
INFO: [ app_init ] --START--
INFO: Run Behavior\BuildLiteBehavior [ RunTime:0.000015s ]
INFO: [ app_init ] --END-- [ RunTime:0.007000s ]
INFO: [ app_begin ] --START--
INFO: Run Behavior\ReadHtmlCacheBehavior [ RunTime:0.001087s ]
INFO: [ app_begin ] --END-- [ RunTime:0.001139s ]
ERR: 无法加载控制器:Js

[ 2016-05-21T12:17:33+08:00 ] 51.255.65.55 /jquery/2/288/demo/help/template
INFO: [ app_init ] --START--
INFO: Run Behavior\BuildLiteBehavior [ RunTime:0.000027s ]
INFO: [ app_init ] --END-- [ RunTime:0.011966s ]
INFO: [ app_begin ] --START--
INFO: Run Behavior\ReadHtmlCacheBehavior [ RunTime:0.001308s ]
INFO: [ app_begin ] --END-- [ RunTime:0.001410s ]
ERR: 无法加载控制器:Help

[ 2016-05-21T23:32:13+08:00 ] 51.255.65.95 /jquery/2/288/demo/Index/login/type/sina.html
INFO: [ app_init ] --START--
INFO: Run Behavior\BuildLiteBehavior [ RunTime:0.000015s ]
INFO: [ app_init ] --END-- [ RunTime:0.005236s ]
INFO: [ app_begin ] --START--
INFO: Run Behavior\ReadHtmlCacheBehavior [ RunTime:0.001098s ]
INFO: [ app_begin ] --END-- [ RunTime:0.001141s ]

