[ 2016-09-16T10:21:47+08:00 ] 164.132.161.96 /jquery/2/288/demo/js
INFO: [ app_init ] --START--
INFO: Run Behavior\BuildLiteBehavior [ RunTime:0.000021s ]
INFO: [ app_init ] --END-- [ RunTime:0.004774s ]
INFO: [ app_begin ] --START--
INFO: Run Behavior\ReadHtmlCacheBehavior [ RunTime:0.001977s ]
INFO: [ app_begin ] --END-- [ RunTime:0.002077s ]
ERR: 无法加载控制器:Js

[ 2016-09-16T11:31:32+08:00 ] 164.132.161.10 /jquery/2/288/demo/js/0-0-6-0
INFO: [ app_init ] --START--
INFO: Run Behavior\BuildLiteBehavior [ RunTime:0.000016s ]
INFO: [ app_init ] --END-- [ RunTime:0.000305s ]
INFO: [ app_begin ] --START--
INFO: Run Behavior\ReadHtmlCacheBehavior [ RunTime:0.000357s ]
INFO: [ app_begin ] --END-- [ RunTime:0.000399s ]
ERR: 无法加载控制器:Js

[ 2016-09-16T18:15:44+08:00 ] 164.132.161.43 /jquery/2/288/demo/templates/3-0-0-0-0
INFO: [ app_init ] --START--
INFO: Run Behavior\BuildLiteBehavior [ RunTime:0.000013s ]
INFO: [ app_init ] --END-- [ RunTime:0.000291s ]
INFO: [ app_begin ] --START--
INFO: Run Behavior\ReadHtmlCacheBehavior [ RunTime:0.000558s ]
INFO: [ app_begin ] --END-- [ RunTime:0.000653s ]
ERR: 无法加载控制器:Templates

