[ 2016-04-29T05:14:45+08:00 ] 157.55.39.189 /jquery/2/288/demo/help/template
INFO: [ app_init ] --START--
INFO: Run Behavior\BuildLiteBehavior [ RunTime:0.000015s ]
INFO: [ app_init ] --END-- [ RunTime:0.009499s ]
INFO: [ app_begin ] --START--
INFO: Run Behavior\ReadHtmlCacheBehavior [ RunTime:0.001112s ]
INFO: [ app_begin ] --END-- [ RunTime:0.001166s ]
ERR: 无法加载控制器:Help

[ 2016-04-29T07:21:30+08:00 ] 157.55.39.190 /jquery/2/288/demo/js
INFO: [ app_init ] --START--
INFO: Run Behavior\BuildLiteBehavior [ RunTime:0.000017s ]
INFO: [ app_init ] --END-- [ RunTime:0.000317s ]
INFO: [ app_begin ] --START--
INFO: Run Behavior\ReadHtmlCacheBehavior [ RunTime:0.007119s ]
INFO: [ app_begin ] --END-- [ RunTime:0.007203s ]
ERR: 无法加载控制器:Js

[ 2016-04-29T18:14:38+08:00 ] 157.55.39.190 /jquery/2/288/demo/Member/set.html
INFO: [ app_init ] --START--
INFO: Run Behavior\BuildLiteBehavior [ RunTime:0.000015s ]
INFO: [ app_init ] --END-- [ RunTime:0.000291s ]
INFO: [ app_begin ] --START--
INFO: Run Behavior\ReadHtmlCacheBehavior [ RunTime:0.000371s ]
INFO: [ app_begin ] --END-- [ RunTime:0.000416s ]
ERR: 无法加载控制器:Member

[ 2016-04-29T18:51:52+08:00 ] 42.156.137.29 /jquery/2/288/demo/
INFO: [ app_init ] --START--
INFO: Run Behavior\BuildLiteBehavior [ RunTime:0.000014s ]
INFO: [ app_init ] --END-- [ RunTime:0.000309s ]
INFO: [ app_begin ] --START--
INFO: Run Behavior\ReadHtmlCacheBehavior [ RunTime:0.000351s ]
INFO: [ app_begin ] --END-- [ RunTime:0.000404s ]
INFO: [ view_parse ] --START--
INFO: [ template_filter ] --START--
INFO: Run Behavior\ContentReplaceBehavior [ RunTime:0.000185s ]
INFO: [ template_filter ] --END-- [ RunTime:0.000248s ]
NOTIC: [8] Undefined variable: keywords /data/www/jquery/2/288/demo/Application/Runtime/Cache/Home/2a94b8bda04ff446dcedd42276fc99ee.php 第 6 行.
NOTIC: [8] Undefined variable: description /data/www/jquery/2/288/demo/Application/Runtime/Cache/Home/2a94b8bda04ff446dcedd42276fc99ee.php 第 7 行.
NOTIC: [8] Undefined variable: version /data/www/jquery/2/288/demo/Application/Runtime/Cache/Home/2a94b8bda04ff446dcedd42276fc99ee.php 第 9 行.
NOTIC: [8] Undefined variable: url_cur /data/www/jquery/2/288/demo/Application/Runtime/Cache/Home/2a94b8bda04ff446dcedd42276fc99ee.php 第 23 行.
NOTIC: [8] Undefined index: userid /data/www/jquery/2/288/demo/Application/Runtime/Cache/Home/2a94b8bda04ff446dcedd42276fc99ee.php 第 41 行.
NOTIC: [8] Undefined variable: control /data/www/jquery/2/288/demo/Application/Runtime/Cache/Home/2a94b8bda04ff446dcedd42276fc99ee.php 第 103 行.
NOTIC: [8] Undefined variable: control /data/www/jquery/2/288/demo/Application/Runtime/Cache/Home/2a94b8bda04ff446dcedd42276fc99ee.php 第 104 行.
NOTIC: [8] Undefined variable: control /data/www/jquery/2/288/demo/Application/Runtime/Cache/Home/2a94b8bda04ff446dcedd42276fc99ee.php 第 105 行.
NOTIC: [8] Undefined variable: control /data/www/jquery/2/288/demo/Application/Runtime/Cache/Home/2a94b8bda04ff446dcedd42276fc99ee.php 第 106 行.
NOTIC: [8] Undefined variable: control /data/www/jquery/2/288/demo/Application/Runtime/Cache/Home/2a94b8bda04ff446dcedd42276fc99ee.php 第 107 行.
NOTIC: [8] Undefined variable: control /data/www/jquery/2/288/demo/Application/Runtime/Cache/Home/2a94b8bda04ff446dcedd42276fc99ee.php 第 108 行.
NOTIC: [8] Undefined variable: control /data/www/jquery/2/288/demo/Application/Runtime/Cache/Home/2a94b8bda04ff446dcedd42276fc99ee.php 第 109 行.
NOTIC: [8] Undefined variable: control /data/www/jquery/2/288/demo/Application/Runtime/Cache/Home/2a94b8bda04ff446dcedd42276fc99ee.php 第 110 行.
NOTIC: [8] Undefined variable: control /data/www/jquery/2/288/demo/Application/Runtime/Cache/Home/2a94b8bda04ff446dcedd42276fc99ee.php 第 111 行.
NOTIC: [8] Undefined variable: index_latest /data/www/jquery/2/288/demo/Application/Runtime/Cache/Home/2a94b8bda04ff446dcedd42276fc99ee.php 第 123 行.
NOTIC: [8] Undefined variable: templates_recommend /data/www/jquery/2/288/demo/Application/Runtime/Cache/Home/2a94b8bda04ff446dcedd42276fc99ee.php 第 172 行.
NOTIC: [8] Undefined variable: modals_cat /data/www/jquery/2/288/demo/Application/Runtime/Cache/Home/2a94b8bda04ff446dcedd42276fc99ee.php 第 188 行.
NOTIC: [8] Undefined variable: templates_latest_pics /data/www/jquery/2/288/demo/Application/Runtime/Cache/Home/2a94b8bda04ff446dcedd42276fc99ee.php 第 197 行.
NOTIC: [8] Undefined variable: templates_latest_words /data/www/jquery/2/288/demo/Application/Runtime/Cache/Home/2a94b8bda04ff446dcedd42276fc99ee.php 第 203 行.
NOTIC: [8] Undefined variable: modals_cat /data/www/jquery/2/288/demo/Application/Runtime/Cache/Home/2a94b8bda04ff446dcedd42276fc99ee.php 第 206 行.
NOTIC: [8] Undefined variable: js_recommend /data/www/jquery/2/288/demo/Application/Runtime/Cache/Home/2a94b8bda04ff446dcedd42276fc99ee.php 第 225 行.
NOTIC: [8] Undefined variable: js_cat /data/www/jquery/2/288/demo/Application/Runtime/Cache/Home/2a94b8bda04ff446dcedd42276fc99ee.php 第 240 行.
NOTIC: [8] Undefined variable: js_latest_pics /data/www/jquery/2/288/demo/Application/Runtime/Cache/Home/2a94b8bda04ff446dcedd42276fc99ee.php 第 249 行.
NOTIC: [8] Undefined variable: js_latest_words /data/www/jquery/2/288/demo/Application/Runtime/Cache/Home/2a94b8bda04ff446dcedd42276fc99ee.php 第 255 行.
NOTIC: [8] Undefined variable: js_cat /data/www/jquery/2/288/demo/Application/Runtime/Cache/Home/2a94b8bda04ff446dcedd42276fc99ee.php 第 258 行.
NOTIC: [8] Undefined variable: url_cur /data/www/jquery/2/288/demo/Application/Runtime/Cache/Home/2a94b8bda04ff446dcedd42276fc99ee.php 第 274 行.
NOTIC: [8] Undefined variable: id /data/www/jquery/2/288/demo/Application/Runtime/Cache/Home/2a94b8bda04ff446dcedd42276fc99ee.php 第 274 行.
NOTIC: [8] Undefined variable: mtype /data/www/jquery/2/288/demo/Application/Runtime/Cache/Home/2a94b8bda04ff446dcedd42276fc99ee.php 第 274 行.
NOTIC: [8] Undefined variable: control /data/www/jquery/2/288/demo/Application/Runtime/Cache/Home/2a94b8bda04ff446dcedd42276fc99ee.php 第 372 行.
NOTIC: [8] Undefined variable: version /data/www/jquery/2/288/demo/Application/Runtime/Cache/Home/2a94b8bda04ff446dcedd42276fc99ee.php 第 375 行.
NOTIC: [8] Undefined variable: control /data/www/jquery/2/288/demo/Application/Runtime/Cache/Home/2a94b8bda04ff446dcedd42276fc99ee.php 第 376 行.
NOTIC: [8] Undefined variable: control /data/www/jquery/2/288/demo/Application/Runtime/Cache/Home/2a94b8bda04ff446dcedd42276fc99ee.php 第 378 行.
NOTIC: [8] Undefined variable: control /data/www/jquery/2/288/demo/Application/Runtime/Cache/Home/2a94b8bda04ff446dcedd42276fc99ee.php 第 378 行.
INFO: Run Behavior\ParseTemplateBehavior [ RunTime:0.087333s ]
INFO: [ view_parse ] --END-- [ RunTime:0.087376s ]
INFO: [ view_filter ] --START--
INFO: Run Behavior\WriteHtmlCacheBehavior [ RunTime:0.000880s ]
INFO: [ view_filter ] --END-- [ RunTime:0.000934s ]
INFO: [ app_end ] --START--
INFO: Run Behavior\ShowPageTraceBehavior [ RunTime:0.001994s ]
INFO: [ app_end ] --END-- [ RunTime:0.002041s ]

[ 2016-04-29T23:35:53+08:00 ] 121.42.0.34 /jquery/2/288/demo/login.html
INFO: [ app_init ] --START--
INFO: Run Behavior\BuildLiteBehavior [ RunTime:0.000014s ]
INFO: [ app_init ] --END-- [ RunTime:0.000281s ]
INFO: [ app_begin ] --START--
INFO: Run Behavior\ReadHtmlCacheBehavior [ RunTime:0.000372s ]
INFO: [ app_begin ] --END-- [ RunTime:0.000423s ]
INFO: [ view_parse ] --START--
INFO: [ template_filter ] --START--
INFO: Run Behavior\ContentReplaceBehavior [ RunTime:0.000129s ]
INFO: [ template_filter ] --END-- [ RunTime:0.000178s ]
NOTIC: [8] Undefined variable: keywords /data/www/jquery/2/288/demo/Application/Runtime/Cache/Home/ccea6a400660ce54d68cab67b9f68781.php 第 6 行.
NOTIC: [8] Undefined variable: description /data/www/jquery/2/288/demo/Application/Runtime/Cache/Home/ccea6a400660ce54d68cab67b9f68781.php 第 7 行.
NOTIC: [8] Undefined variable: version /data/www/jquery/2/288/demo/Application/Runtime/Cache/Home/ccea6a400660ce54d68cab67b9f68781.php 第 9 行.
NOTIC: [8] Undefined variable: url_cur /data/www/jquery/2/288/demo/Application/Runtime/Cache/Home/ccea6a400660ce54d68cab67b9f68781.php 第 23 行.
NOTIC: [8] Undefined index: userid /data/www/jquery/2/288/demo/Application/Runtime/Cache/Home/ccea6a400660ce54d68cab67b9f68781.php 第 41 行.
NOTIC: [8] Undefined variable: control /data/www/jquery/2/288/demo/Application/Runtime/Cache/Home/ccea6a400660ce54d68cab67b9f68781.php 第 103 行.
NOTIC: [8] Undefined variable: control /data/www/jquery/2/288/demo/Application/Runtime/Cache/Home/ccea6a400660ce54d68cab67b9f68781.php 第 104 行.
NOTIC: [8] Undefined variable: control /data/www/jquery/2/288/demo/Application/Runtime/Cache/Home/ccea6a400660ce54d68cab67b9f68781.php 第 105 行.
NOTIC: [8] Undefined variable: control /data/www/jquery/2/288/demo/Application/Runtime/Cache/Home/ccea6a400660ce54d68cab67b9f68781.php 第 106 行.
NOTIC: [8] Undefined variable: control /data/www/jquery/2/288/demo/Application/Runtime/Cache/Home/ccea6a400660ce54d68cab67b9f68781.php 第 107 行.
NOTIC: [8] Undefined variable: control /data/www/jquery/2/288/demo/Application/Runtime/Cache/Home/ccea6a400660ce54d68cab67b9f68781.php 第 108 行.
NOTIC: [8] Undefined variable: control /data/www/jquery/2/288/demo/Application/Runtime/Cache/Home/ccea6a400660ce54d68cab67b9f68781.php 第 109 行.
NOTIC: [8] Undefined variable: control /data/www/jquery/2/288/demo/Application/Runtime/Cache/Home/ccea6a400660ce54d68cab67b9f68781.php 第 110 行.
NOTIC: [8] Undefined variable: control /data/www/jquery/2/288/demo/Application/Runtime/Cache/Home/ccea6a400660ce54d68cab67b9f68781.php 第 111 行.
NOTIC: [8] Undefined variable: url_cur /data/www/jquery/2/288/demo/Application/Runtime/Cache/Home/ccea6a400660ce54d68cab67b9f68781.php 第 159 行.
NOTIC: [8] Undefined variable: id /data/www/jquery/2/288/demo/Application/Runtime/Cache/Home/ccea6a400660ce54d68cab67b9f68781.php 第 159 行.
NOTIC: [8] Undefined variable: mtype /data/www/jquery/2/288/demo/Application/Runtime/Cache/Home/ccea6a400660ce54d68cab67b9f68781.php 第 159 行.
NOTIC: [8] Undefined variable: control /data/www/jquery/2/288/demo/Application/Runtime/Cache/Home/ccea6a400660ce54d68cab67b9f68781.php 第 257 行.
NOTIC: [8] Undefined variable: version /data/www/jquery/2/288/demo/Application/Runtime/Cache/Home/ccea6a400660ce54d68cab67b9f68781.php 第 260 行.
NOTIC: [8] Undefined variable: control /data/www/jquery/2/288/demo/Application/Runtime/Cache/Home/ccea6a400660ce54d68cab67b9f68781.php 第 261 行.
NOTIC: [8] Undefined variable: control /data/www/jquery/2/288/demo/Application/Runtime/Cache/Home/ccea6a400660ce54d68cab67b9f68781.php 第 263 行.
NOTIC: [8] Undefined variable: control /data/www/jquery/2/288/demo/Application/Runtime/Cache/Home/ccea6a400660ce54d68cab67b9f68781.php 第 263 行.
INFO: Run Behavior\ParseTemplateBehavior [ RunTime:0.037670s ]
INFO: [ view_parse ] --END-- [ RunTime:0.037729s ]
INFO: [ view_filter ] --START--
INFO: Run Behavior\WriteHtmlCacheBehavior [ RunTime:0.000113s ]
INFO: [ view_filter ] --END-- [ RunTime:0.000148s ]
INFO: [ app_end ] --START--
INFO: Run Behavior\ShowPageTraceBehavior [ RunTime:0.000411s ]
INFO: [ app_end ] --END-- [ RunTime:0.000460s ]

